
Processing GlobalMuonChecks.C+...
matching_helper.Generator = gun0_100GeV_20pi_4mu__5evts
matching_helper.GeneratorConfig = 
matching_helper.MatchingFunction = _matchAllParams
matching_helper.MatchingCutFunc = _cutDisabled
matching_helper.MatchingCutConfig = 
Annotation = gun0_100GeV_20pi_4mu__5evts_matchAllParams_Z-77.500000_cutDisabled
[INFO] MagneticField::Print: MagneticFieldMap:
[INFO] MagneticField::Print: Solenoid (-1*)5 kG, Dipole ON (-1) 
[INFO] MagneticField::Print: Machine B fields for p-p  beam (7000 GeV): QGrad: 22.0002 Dipole: 37.8781
[INFO] MagneticField::Print: Uses Sol30_Dip6_Hole  of /opt/alice/sw/slc7_x86-64/O2/v1.3.0-3/share/Common/maps/mfchebKGI_sym.root
B field z = -5.001880 [kGauss]
Loop over events and reconstructed Global Muon Tracks!

---------------------------------------------------
-------------   Matching Summary   ----------------
---------------------------------------------------
 P_mean = 54.4156
 P_StdDev = 32.0059
 Tanl_mean = -0.00938253
 Tanl_StdDev = 0.0276562
 Tanl_StdDev(pt<1) = 0
 Tanl_StdDev(1<pt<4) = 0.03732
 Tanl_StdDev(pt>4) = 0.00279588
 Phi_mean = 0.000430654
 Phi_StdDev = 0.000859477
 Phi_StdDev(pt<1) = 0
 Phi_StdDev(1<pt<4) = 0.000908808
 Phi_StdDev(pt>4) = 0.000442433
 Phi_meanDeg = 0.0246746
 Phi_StdDevDeg = 0.0492444
 Phi_StdDevDeg(pt<1) = 0
 Phi_StdDevDeg(1<pt<4) = 0.0520709
 Phi_StdDevDeg(pt>4) = 0.0253496
 DeltaX_mean = -0.00218566
 DeltaX_StdDev = 0.00482872
 DeltaX_StdDev(pt<1) = 0
 DeltaX_StdDev(1<pt<4) = 0.00665227
 DeltaX_StdDev(pt>4) = 0.00161095
 DeltaY_mean = 0.000330942
 DeltaY_StdDev = 0.00224298
 R_mean = 0.00397966
 R_StdDev = 0.0041709
 Charge_mean = 0.000330942
 nChargeMatch = 9 (100%)
 nTrackMatch = 9 (90%)
---------------------------------------------------------------------------

---------------------------------------------------------------------------
------------------------   Track matching Summary   -----------------------
---------------------------------------------------------------------------
 ==> 10 MCH Tracks in 5 events
 ==> 0 dangling MCH Tracks (no MFT track to match) (0%)
 ==> 10 reconstructed Global Muon Tracks (100%)
 ==> 1 fake Global Muon Tracks (contamination = 10%)
 ==> 10 close matches - correct MFT track in search window (100%)
 ==> 9 Correct Match Global Muon Tracks (Correct_Match_Ratio = 90%) (eff. = 90%)
--------------------------------------------------------------------------
 Annotation: gun0_100GeV_20pi_4mu__5evts_matchAllParams_Z-77.500000_cutDisabled
--------------------------------------------------------------------------

(int) 0
