
(int) 0
Processing runMatching.C+...
[INFO] MagneticField::Print: MagneticFieldMap:
[INFO] MagneticField::Print: Solenoid (-1*)5 kG, Dipole ON (-1) 
[INFO] MagneticField::Print: Machine B fields for p-p  beam (7000 GeV): QGrad: 22.0002 Dipole: 37.8781
[INFO] MagneticField::Print: Uses Sol30_Dip6_Hole  of /opt/alice/sw/slc7_x86-64/O2/v1.3.0-3/share/Common/maps/mfchebKGI_sym.root
B field z = -5.001880 [kGauss]
[INFO] Track extrapolation with magnetic field ON
Loaded 10 MCH Tracks in 5 events
Generator: gun0_100GeV_20pi_4mu__5evts
Loaded 113 MFT Tracks. Label info:
MCTruthContainer index = 113 for 113 elements(s), flat buffer size 0
 Dropped 0 MFT Tracks with invalid labels (noise).
[INFO] Loading geometry FAIRGeom from o2sim_geometry.root
[INFO] MFT GeometryTGeo::Build total number of sensors 936
[INFO] Loading MFT L2G matrices from TGeo
Running with dictionary: MFTdictionary.bin 
Number of entries in clusters tree 1 
Number of clusters 2092 
[INFO] No magnetic field found; using default tracking values 2 10 to initialize media

[INFO] Field in CAVE: 2
[INFO] Setting up CAVE to host ZDC
[INFO] No magnetic field found; using default tracking values 2 10 to initialize media

[INFO] No magnetic field found; using default tracking values 2 10 to initialize media

Number of MCH Tracks = 10
Annotation: gun0_100GeV_20pi_4mu__5evts_matchAllParams_Z-77.500000_cutDisabled
Running runEventMatching for 5 events
Finished runEventMatching on 10 MCH Tracks on 5 events
Computing Track Labels...
********************************** Matching Summary ********************************** 
10 MCH Tracks in 5 events
0 dangling MCH tracks (0%)
10 global muon tracks (efficiency = 100%)
9 Correct Match GM tracks (Correct Match Ratio = 90%)
10 Close matches - correct MFT match in search window (100%)
1 Fake GM tracks (contamination = 10)
************************************************************************************** 
 Annotation: gun0_100GeV_20pi_4mu__5evts_matchAllParams_Z-77.500000_cutDisabled
************************************************************************************** 
Fitting global muon tracks...
Finished fitting global muon tracks.
Global Muon Tracks saved to GlobalMuonTracks.root
Loaded 10 MCH Tracks in 5 events
Generator: gun0_100GeV_20pi_4mu__5evts
(int) 0
