
(int) 0
Processing ConvertMCHESDTracks.C+(".")...
I-TUnixSystem::ACLiC: creating shared library /home/yano/GlobalMuonTracking/matching_dir/./ConvertMCHESDTracks_C.so
 ***********************************
 *        OpenDecayTable           *
 *        ---------------          *
 *   USE ALIROOT decaytable        *
 ***********************************
1                                                                              
 ******************************************************************************
 ******************************************************************************
 **                                                                          **
 **                                                                          **
 **              *......*                  Welcome to the Lund Monte Carlo!  **
 **         *:::!!:::::::::::*                                               **
 **      *::::::!!::::::::::::::*          PPP  Y   Y TTTTT H   H III   A    **
 **    *::::::::!!::::::::::::::::*        P  P  Y Y    T   H   H  I   A A   **
 **   *:::::::::!!:::::::::::::::::*       PPP    Y     T   HHHHH  I  AAAAA  **
 **   *:::::::::!!:::::::::::::::::*       P      Y     T   H   H  I  A   A  **
 **    *::::::::!!::::::::::::::::*!       P      Y     T   H   H III A   A  **
 **      *::::::!!::::::::::::::* !!                                         **
 **      !! *:::!!:::::::::::*    !!       This is PYTHIA version 6.425      **
 **      !!     !* -><- *         !!       Last date of change: 23 Mar 2011  **
 **      !!     !!                !!                                         **
 **      !!     !!                !!       Now is  0 Jan 2000 at  0:00:00    **
 **      !!                       !!                                         **
 **      !!        lh             !!       Disclaimer: this program comes    **
 **      !!                       !!       without any guarantees. Beware    **
 **      !!                 hh    !!       of errors and use common sense    **
 **      !!    ll                 !!       when interpreting results.        **
 **      !!                       !!                                         **
 **      !!                                Copyright T. Sjostrand (2011)     **
 **                                                                          **
 ** An archive of program versions and documentation is found on the web:    **
 ** http://www.thep.lu.se/~torbjorn/Pythia.html                              **
 **                                                                          **
 ** When you cite this program, the official reference is to the 6.4 manual: **
 ** T. Sjostrand, S. Mrenna and P. Skands, JHEP05 (2006) 026                 **
 ** (LU TP 06-13, FERMILAB-PUB-06-052-CD-T) [hep-ph/0603175].                **
 **                                                                          **
 ** Also remember that the program, to a large extent, represents original   **
 ** physics research. Other publications of special relevance to your        **
 ** studies may therefore deserve separate mention.                          **
 **                                                                          **
 ** Main author: Torbjorn Sjostrand; Department of Theoretical Physics,      **
 **   Lund University, Solvegatan 14A, S-223 62 Lund, Sweden;                **
 **   phone: + 46 - 46 - 222 48 16; e-mail: torbjorn@thep.lu.se              **
 ** Author: Stephen Mrenna; Computing Division, GDS Group,                   **
 **   Fermi National Accelerator Laboratory, MS 234, Batavia, IL 60510, USA; **
 **   phone: + 1 - 630 - 840 - 2556; e-mail: mrenna@fnal.gov                 **
 ** Author: Peter Skands; CERN/PH-TH, CH-1211 Geneva, Switzerland            **
 **   phone: + 41 - 22 - 767 24 47; e-mail: peter.skands@cern.ch             **
 **                                                                          **
 **                                                                          **
 ******************************************************************************
 ******************************************************************************

     Advisory warning type 7 given after        0 PYEXEC calls:
     (PYUPDA:) Kinematically unallowed decay of KF =       18

     Advisory warning type 7 given after        0 PYEXEC calls:
     (PYUPDA:) Kinematically unallowed decay of KF =       18

     Advisory warning type 7 given after        0 PYEXEC calls:
     (PYUPDA:) Kinematically unallowed decay of KF =      113

     Advisory warning type 7 given after        0 PYEXEC calls:
     (PYUPDA:) Kinematically unallowed decay of KF =      113

     Advisory warning type 7 given after        0 PYEXEC calls:
     (PYUPDA:) Kinematically unallowed decay of KF =      113

     Advisory warning type 7 given after        0 PYEXEC calls:
     (PYUPDA:) Kinematically unallowed decay of KF =      113

     Advisory warning type 7 given after        0 PYEXEC calls:
     (PYUPDA:) Kinematically unallowed decay of KF =      115

     Advisory warning type 7 given after        0 PYEXEC calls:
     (PYUPDA:) Kinematically unallowed decay of KF =      215

     Advisory warning type 7 given after        0 PYEXEC calls:
     (PYUPDA:) Sum of branching ratios is  1.05920 for KF =      421

     Advisory warning type 7 given after        0 PYEXEC calls:
     (PYUPDA:) Sum of branching ratios is  1.09610 for KF =     4122
E-TStreamerInfo::Build: AliGenerator, unknown type: Bool_t(*)(AliStack*) fUserTrigger

W-AliRunLoader::LoadgAlice: gAlice already exists. Putting retrived object in folder named Event
#Evt: 0
#Evt: 1
#Evt: 2
#Evt: 3
#Evt: 4

./tempMCHTracks.root
