   ------------------------------------------------------------------
  | Welcome to ROOT 6.20/08                        https://root.cern |
  | (c) 1995-2020, The ROOT Team; conception: R. Brun, F. Rademakers |
  | Built for linuxx8664gcc on Dec 25 2020, 21:13:00                 |
  | From tags/v6-20-08-alice1@v6-20-08-1-g700d618                    |
  | Try '.help', '.demo', '.license', '.credits', '.quit'/'.q'       |
   ------------------------------------------------------------------


Processing rec.C...
 *** TDatabasePDG::AddParticle: particle with PDGcode=3124 already defined
 *** TDatabasePDG::AddAntiParticle: can't redefine parameters
W-AliRawReader::Create: No raw-reader created
I-AliReconstruction::InitRawReader: Reconstruction will run over digits
I-AliCDBManager::Init: AliEn classes enabled in Root. AliCDBGrid factory registered.
I-AliCDBLocal::QueryCDB: Querying files valid for run 0 and path "*" into CDB storage  "local:///home/yano/alice/OCDB/OCDB"
I-AliCDBLocal::QueryCDB: 328 valid files found!
I-AliCDBLocal::QueryCDB: Querying files valid for run 0 and path "GRP/GRP/Data" into CDB storage  "local:///home/yano/GlobalMuonTracking/matching_dir"
I-AliCDBLocal::QueryCDB: 1 valid files found!
I-AliCDBManager::Print: Run number = 0; Cache is ACTIVE; Number of active storages: 2
	*** Default Storage URI: "local:///home/yano/alice/OCDB/OCDB"
	*** Specific storage 1: Path "GRP/GRP/Data" -> URI "local:///home/yano/GlobalMuonTracking/matching_dir"

I-TGeoManager::Import: Reading geometry from file: ./geometry.root
I-TGeoManager::CloseGeometry: Geometry loaded from file...
I-TGeoManager::SetTopVolume: Top volume is ALIC. Master volume is ALIC
I-TGeoNavigator::BuildCache: --- Maximum geometry depth set to 100
I-TGeoManager::CloseGeometry: Voxelization retrieved from file
I-TGeoManager::CountLevels: max level = 8, max placements = 547
I-TGeoManager::CloseGeometry: 67121 nodes/ 2972 volume UID's in ALICE geometry
I-TGeoManager::CloseGeometry: ----------------modeler ready----------------
I-AliGeomManager::LoadGeometry: From now on using geometry from custom geometry file "./geometry.root"
I-AliGeomManager::ApplyAlignObjsFromCDB: Alignment objects loaded for: GRP MUON 
I-AliReconstruction::InitGRP: Found an AliGRPObject in GRP/GRP/Data, reading it
==> Dumping object at: 0x000000000708fb10, name=AliRunInfo, class=AliRunInfo

fLHCState                     STABLE_BEAMS        state of the machine as provided by DCS and DAQ log-book (per run)
fLHCState.fRep                ->708fb28           ! String data
fLHCState.fRep.               ->708fb28           
fBeamType                     UNKNOWN             beam type for Alice
fBeamType.fRep                ->708fb40           ! String data
fBeamType.fRep.               ->708fb40           
fBeamEnergy                   3500                beam energy (in GeV)
fRunType                      PHYSICS             run type accoring to ECS (per run)
fRunType.fRep                 ->708fb60           ! String data
fRunType.fRep.                ->708fb60           
fActiveDetectors              134144              list of active detectors (per run)
fUniqueID                     0                   object unique identifier
fBits                         0x03000000          bit field status word
I-AliReconstruction::InitGRP: fQADetectors=MUON CTP 
I-AliReconstruction::InitGRP: SPD,SDD,SSD is not in the list of active detectors. Vertexer and Trackleter are switched off.
I-AliReconstruction::InitGRP: ===================================================================================
I-AliReconstruction::InitGRP: Running local reconstruction for detectors: MUON CTP 
I-AliReconstruction::InitGRP: Running tracking for detectors: MUON CTP 
I-AliReconstruction::InitGRP: Filling ESD for detectors: MUON CTP 
I-AliReconstruction::InitGRP: Quality assurance is active for detectors: MUON CTP 
I-AliReconstruction::InitGRP: CDB and reconstruction parameters are loaded for detectors: MUON CTP 
I-AliReconstruction::InitGRP: ===================================================================================
I-AliMagF::CreateFieldMap: Assume no LHC magnet field for the beam type UNKNOWN, 
I-AliMagF::Print: MagneticFieldMap:L3: -30000 Dip: -6000 kA;  | Polarities in LHC convention
I-AliMagF::Print: Solenoid (-1.00*)5 kG, Dipole ON (-1.00) 
I-AliMagF::Print: Machine B fields for No Beam beam (3500 GeV): QGrad: 0.0000 Dipole: 0.0000
I-AliMagF::Print: Uses Sol30_Dip6_Hole of $(ALICE_ROOT)/data/maps/mfchebKGI_sym.root
I-TGeoGlobalMagField::SetField: Global magnetic field set to <MagneticFieldMap>
I-TGeoGlobalMagField::Lock: Global magnetic field <MagneticFieldMap> is now locked
I-AliReconstruction::InitGRP: Running with the B field constructed out of GRP !
I-AliCDBLocal::GetAll: 20 objects retrieved. Request was: path: "MUON/Calib/*"; run range: [0,0]
I-AliCDBLocal::GetAll: path: "MUON/Calib/Capacitances"; run range: [0,999999999]; version: v0_s0
I-AliCDBLocal::GetAll: path: "MUON/Calib/Config"; run range: [0,999999999]; version: v0_s0
I-AliCDBLocal::GetAll: path: "MUON/Calib/Gains"; run range: [0,999999999]; version: v0_s0
I-AliCDBLocal::GetAll: path: "MUON/Calib/GlobalTriggerBoardMasks"; run range: [0,999999999]; version: v0_s0
I-AliCDBLocal::GetAll: path: "MUON/Calib/GlobalTriggerCrateConfig"; run range: [0,999999999]; version: v0_s0
I-AliCDBLocal::GetAll: path: "MUON/Calib/HV"; run range: [0,999999999]; version: v0_s0
I-AliCDBLocal::GetAll: path: "MUON/Calib/LocalTriggerBoardMasks"; run range: [0,999999999]; version: v0_s0
I-AliCDBLocal::GetAll: path: "MUON/Calib/MappingData"; run range: [0,999999999]; version: v0_s0
I-AliCDBLocal::GetAll: path: "MUON/Calib/MappingRunData"; run range: [0,999999999]; version: v0_s0
I-AliCDBLocal::GetAll: path: "MUON/Calib/Neighbours"; run range: [0,999999999]; version: v0_s0
I-AliCDBLocal::GetAll: path: "MUON/Calib/OccupancyMap"; run range: [0,999999999]; version: v0_s0
I-AliCDBLocal::GetAll: path: "MUON/Calib/Pedestals"; run range: [0,999999999]; version: v0_s0
I-AliCDBLocal::GetAll: path: "MUON/Calib/RecoParam"; run range: [0,999999999]; version: v0_s0
I-AliCDBLocal::GetAll: path: "MUON/Calib/RegionalTriggerBoardMasks"; run range: [0,999999999]; version: v0_s0
I-AliCDBLocal::GetAll: path: "MUON/Calib/RegionalTriggerConfig"; run range: [0,999999999]; version: v0_s0
I-AliCDBLocal::GetAll: path: "MUON/Calib/RejectList"; run range: [0,999999999]; version: v0_s0
I-AliCDBLocal::GetAll: path: "MUON/Calib/TriggerDCS"; run range: [0,999999999]; version: v0_s0
I-AliCDBLocal::GetAll: path: "MUON/Calib/TriggerEfficiency"; run range: [0,999999999]; version: v0_s0
I-AliCDBLocal::GetAll: path: "MUON/Calib/TriggerLut"; run range: [0,999999999]; version: v2_s0
I-AliCDBLocal::GetAll: path: "MUON/Calib/TriggerScalers"; run range: [0,999999999]; version: v0_s0
I-AliCDBManager::GetAll: Now look into all other specific storages...
I-AliCDBManager::GetAll: After look into other specific storages, result list is:
I-AliCDBManager::GetAll: path: "MUON/Calib/Capacitances"; run range: [0,999999999]; version: v0_s0
I-AliCDBManager::GetAll: path: "MUON/Calib/Config"; run range: [0,999999999]; version: v0_s0
I-AliCDBManager::GetAll: path: "MUON/Calib/Gains"; run range: [0,999999999]; version: v0_s0
I-AliCDBManager::GetAll: path: "MUON/Calib/GlobalTriggerBoardMasks"; run range: [0,999999999]; version: v0_s0
I-AliCDBManager::GetAll: path: "MUON/Calib/GlobalTriggerCrateConfig"; run range: [0,999999999]; version: v0_s0
I-AliCDBManager::GetAll: path: "MUON/Calib/HV"; run range: [0,999999999]; version: v0_s0
I-AliCDBManager::GetAll: path: "MUON/Calib/LocalTriggerBoardMasks"; run range: [0,999999999]; version: v0_s0
I-AliCDBManager::GetAll: path: "MUON/Calib/MappingData"; run range: [0,999999999]; version: v0_s0
I-AliCDBManager::GetAll: path: "MUON/Calib/MappingRunData"; run range: [0,999999999]; version: v0_s0
I-AliCDBManager::GetAll: path: "MUON/Calib/Neighbours"; run range: [0,999999999]; version: v0_s0
I-AliCDBManager::GetAll: path: "MUON/Calib/OccupancyMap"; run range: [0,999999999]; version: v0_s0
I-AliCDBManager::GetAll: path: "MUON/Calib/Pedestals"; run range: [0,999999999]; version: v0_s0
I-AliCDBManager::GetAll: path: "MUON/Calib/RecoParam"; run range: [0,999999999]; version: v0_s0
I-AliCDBManager::GetAll: path: "MUON/Calib/RegionalTriggerBoardMasks"; run range: [0,999999999]; version: v0_s0
I-AliCDBManager::GetAll: path: "MUON/Calib/RegionalTriggerConfig"; run range: [0,999999999]; version: v0_s0
I-AliCDBManager::GetAll: path: "MUON/Calib/RejectList"; run range: [0,999999999]; version: v0_s0
I-AliCDBManager::GetAll: path: "MUON/Calib/TriggerDCS"; run range: [0,999999999]; version: v0_s0
I-AliCDBManager::GetAll: path: "MUON/Calib/TriggerEfficiency"; run range: [0,999999999]; version: v0_s0
I-AliCDBManager::GetAll: path: "MUON/Calib/TriggerLut"; run range: [0,999999999]; version: v2_s0
I-AliCDBManager::GetAll: path: "MUON/Calib/TriggerScalers"; run range: [0,999999999]; version: v0_s0
I-AliCDBLocal::GetAll: 0 objects retrieved. Request was: path: "MUON/Trigger/*"; run range: [0,0]
I-AliCDBManager::GetAll: Now look into all other specific storages...
I-AliCDBManager::GetAll: After look into other specific storages, result list is:
I-AliCDBLocal::GetAll: 2 objects retrieved. Request was: path: "TRIGGER/*/*"; run range: [0,0]
I-AliCDBLocal::GetAll: path: "TRIGGER/SPD/PITConditions"; run range: [0,999999999]; version: v0_s0
I-AliCDBLocal::GetAll: path: "TRIGGER/TOF/TriggerMask"; run range: [0,999999999]; version: v0_s0
I-AliCDBManager::GetAll: Now look into all other specific storages...
I-AliCDBManager::GetAll: After look into other specific storages, result list is:
I-AliCDBManager::GetAll: path: "TRIGGER/SPD/PITConditions"; run range: [0,999999999]; version: v0_s0
I-AliCDBManager::GetAll: path: "TRIGGER/TOF/TriggerMask"; run range: [0,999999999]; version: v0_s0
I-AliCDBLocal::GetAll: 69 objects retrieved. Request was: path: "HLT/*/*"; run range: [0,0]
I-AliCDBLocal::GetAll: path: "HLT/Calib/RecoParam"; run range: [0,999999999]; version: v0_s0
I-AliCDBLocal::GetAll: path: "HLT/Calib/StreamerInfo"; run range: [0,999999999]; version: v0_s0
I-AliCDBLocal::GetAll: path: "HLT/Calib/esdLayout"; run range: [0,999999999]; version: v0_s0
I-AliCDBLocal::GetAll: path: "HLT/ConfigAnalysis/dNdPtAnalysis"; run range: [0,999999999]; version: v0_s0
I-AliCDBLocal::GetAll: path: "HLT/ConfigGlobal/MultiplicityCorrelations"; run range: [0,999999999]; version: v0_s0
I-AliCDBLocal::GetAll: path: "HLT/ConfigGlobal/MultiplicityCorrelationsCentrality"; run range: [0,999999999]; version: v0_s0
I-AliCDBLocal::GetAll: path: "HLT/ConfigHLT/BarrelHighMultiplicity"; run range: [0,999999999]; version: v0_s0
I-AliCDBLocal::GetAll: path: "HLT/ConfigHLT/BarrelMultiplicityTrigger"; run range: [0,999999999]; version: v0_s0
I-AliCDBLocal::GetAll: path: "HLT/ConfigHLT/BarrelPt_v01"; run range: [0,999999999]; version: v0_s0
I-AliCDBLocal::GetAll: path: "HLT/ConfigHLT/BarrelPt_v02"; run range: [0,999999999]; version: v0_s0
I-AliCDBLocal::GetAll: path: "HLT/ConfigHLT/BarrelPt_v03"; run range: [0,999999999]; version: v0_s0
I-AliCDBLocal::GetAll: path: "HLT/ConfigHLT/CosmicsTrigger"; run range: [0,999999999]; version: v0_s0
I-AliCDBLocal::GetAll: path: "HLT/ConfigHLT/D0Trigger"; run range: [0,999999999]; version: v0_s0
I-AliCDBLocal::GetAll: path: "HLT/ConfigHLT/EmcalClusterEnergyTrigger"; run range: [0,999999999]; version: v0_s0
I-AliCDBLocal::GetAll: path: "HLT/ConfigHLT/EmcalElectronTrigger"; run range: [0,999999999]; version: v0_s0
I-AliCDBLocal::GetAll: path: "HLT/ConfigHLT/EmcalJetTrigger"; run range: [0,999999999]; version: v0_s0
I-AliCDBLocal::GetAll: path: "HLT/ConfigHLT/GammaConversionTrigger"; run range: [0,999999999]; version: v0_s0
I-AliCDBLocal::GetAll: path: "HLT/ConfigHLT/GlobalHisto"; run range: [0,999999999]; version: v0_s0
I-AliCDBLocal::GetAll: path: "HLT/ConfigHLT/GlobalOfflineVertexer"; run range: [0,999999999]; version: v0_s0
I-AliCDBLocal::GetAll: path: "HLT/ConfigHLT/GlobalTrackMatcher"; run range: [0,999999999]; version: v0_s0
I-AliCDBLocal::GetAll: path: "HLT/ConfigHLT/HLTGlobalTrigger"; run range: [0,999999999]; version: v0_s0
I-AliCDBLocal::GetAll: path: "HLT/ConfigHLT/H_._Barrel_pT_Single_._V0001.001"; run range: [0,999999999]; version: v0_s0
I-AliCDBLocal::GetAll: path: "HLT/ConfigHLT/H_._Barrel_pT_Single_._V0002.001"; run range: [0,999999999]; version: v0_s0
I-AliCDBLocal::GetAll: path: "HLT/ConfigHLT/H_._Barrel_pT_Single_._V0003.001"; run range: [0,999999999]; version: v0_s0
I-AliCDBLocal::GetAll: path: "HLT/ConfigHLT/ITSMultiplicityTrigger"; run range: [0,999999999]; version: v0_s0
I-AliCDBLocal::GetAll: path: "HLT/ConfigHLT/PhosClusterEnergyTrigger"; run range: [0,999999999]; version: v0_s0
I-AliCDBLocal::GetAll: path: "HLT/ConfigHLT/PhosMipTrigger"; run range: [0,999999999]; version: v0_s0
I-AliCDBLocal::GetAll: path: "HLT/ConfigHLT/PrimaryVertexFinder"; run range: [0,999999999]; version: v0_s0
I-AliCDBLocal::GetAll: path: "HLT/ConfigHLT/V0Finder"; run range: [0,999999999]; version: v0_s0
I-AliCDBLocal::GetAll: path: "HLT/ConfigHLT/V0Histo"; run range: [0,999999999]; version: v0_s0
I-AliCDBLocal::GetAll: path: "HLT/ConfigHLT/esdLayout"; run range: [0,999999999]; version: v0_s0
I-AliCDBLocal::GetAll: path: "HLT/ConfigITS/ITSClusterFinderSDD"; run range: [0,999999999]; version: v0_s0
I-AliCDBLocal::GetAll: path: "HLT/ConfigITS/ITSClusterFinderSPD"; run range: [0,999999999]; version: v0_s0
I-AliCDBLocal::GetAll: path: "HLT/ConfigITS/ITSClusterFinderSSD"; run range: [0,999999999]; version: v0_s0
I-AliCDBLocal::GetAll: path: "HLT/ConfigITS/ITSTracker"; run range: [0,999999999]; version: v0_s0
I-AliCDBLocal::GetAll: path: "HLT/ConfigMUON/DecisionComponent"; run range: [0,999999999]; version: v0_s0
I-AliCDBLocal::GetAll: path: "HLT/ConfigMUON/FieldIntegrals"; run range: [0,999999999]; version: v0_s0
I-AliCDBLocal::GetAll: path: "HLT/ConfigMUON/HitReconstructor"; run range: [0,999999999]; version: v0_s0
I-AliCDBLocal::GetAll: path: "HLT/ConfigMUON/MansoTrackerFSM"; run range: [0,999999999]; version: v0_s0
I-AliCDBLocal::GetAll: path: "HLT/ConfigMUON/TriggerReconstructor"; run range: [0,999999999]; version: v0_s0
I-AliCDBLocal::GetAll: path: "HLT/ConfigPHOS/PHOSClusterizer"; run range: [0,999999999]; version: v0_s0
I-AliCDBLocal::GetAll: path: "HLT/ConfigPHOS/PHOSDigitMaker"; run range: [0,999999999]; version: v0_s0
I-AliCDBLocal::GetAll: path: "HLT/ConfigPHOS/PHOSRawAnalyzer"; run range: [0,999999999]; version: v0_s0
I-AliCDBLocal::GetAll: path: "HLT/ConfigSample/SampleCalibration"; run range: [0,999999999]; version: v0_s0
I-AliCDBLocal::GetAll: path: "HLT/ConfigSample/SampleComponent1"; run range: [0,999999999]; version: v0_s0
I-AliCDBLocal::GetAll: path: "HLT/ConfigSample/SampleESDAnalysis"; run range: [0,999999999]; version: v0_s0
I-AliCDBLocal::GetAll: path: "HLT/ConfigSample/SampleRawAnalysis"; run range: [0,999999999]; version: v0_s0
I-AliCDBLocal::GetAll: path: "HLT/ConfigTPC/TPCCAGlobalMerger"; run range: [0,999999999]; version: v0_s0
I-AliCDBLocal::GetAll: path: "HLT/ConfigTPC/TPCCATracker"; run range: [0,999999999]; version: v0_s0
I-AliCDBLocal::GetAll: path: "HLT/ConfigTPC/TPCCFComparison"; run range: [0,999999999]; version: v0_s0
I-AliCDBLocal::GetAll: path: "HLT/ConfigTPC/TPCCalibTime"; run range: [0,999999999]; version: v0_s0
I-AliCDBLocal::GetAll: path: "HLT/ConfigTPC/TPCClusterFinder32Bit"; run range: [0,999999999]; version: v0_s0
I-AliCDBLocal::GetAll: path: "HLT/ConfigTPC/TPCClusterFinderDecoder"; run range: [0,999999999]; version: v0_s0
I-AliCDBLocal::GetAll: path: "HLT/ConfigTPC/TPCClusterFinderPacked"; run range: [0,999999999]; version: v0_s0
I-AliCDBLocal::GetAll: path: "HLT/ConfigTPC/TPCClusterFinderUnpacked"; run range: [0,999999999]; version: v0_s0
I-AliCDBLocal::GetAll: path: "HLT/ConfigTPC/TPCDataCompressor"; run range: [0,999999999]; version: v0_s0
I-AliCDBLocal::GetAll: path: "HLT/ConfigTPC/TPCDataCompressorHuffmanTables"; run range: [0,999999999]; version: v0_s0
I-AliCDBLocal::GetAll: path: "HLT/ConfigTPC/TPCGlobalMerger"; run range: [0,999999999]; version: v0_s0
I-AliCDBLocal::GetAll: path: "HLT/ConfigTPC/TPCHWClusterDecoder"; run range: [0,999999999]; version: v0_s0
I-AliCDBLocal::GetAll: path: "HLT/ConfigTPC/TPCHWClusterFinder"; run range: [0,999999999]; version: v0_s1
I-AliCDBLocal::GetAll: path: "HLT/ConfigTPC/TPCHWClusterTransform"; run range: [0,999999999]; version: v0_s0
I-AliCDBLocal::GetAll: path: "HLT/ConfigTPC/TPCSliceTracker"; run range: [0,999999999]; version: v0_s0
I-AliCDBLocal::GetAll: path: "HLT/ConfigTPC/TPCTrackHisto"; run range: [0,999999999]; version: v0_s0
I-AliCDBLocal::GetAll: path: "HLT/ConfigTPC/TPCVertexFinder"; run range: [0,999999999]; version: v0_s0
I-AliCDBLocal::GetAll: path: "HLT/ConfigTPC/TPCdEdxMonitoring"; run range: [0,999999999]; version: v0_s0
I-AliCDBLocal::GetAll: path: "HLT/ConfigTRD/ClusterizerComponent"; run range: [0,999999999]; version: v0_s0
I-AliCDBLocal::GetAll: path: "HLT/ConfigTRD/TrackerV1Component"; run range: [0,999999999]; version: v0_s0
I-AliCDBLocal::GetAll: path: "HLT/ConfigVZERO/VZEROReconstruction"; run range: [0,999999999]; version: v0_s0
I-AliCDBLocal::GetAll: path: "HLT/ConfigZDC/ZDCESDReco"; run range: [0,999999999]; version: v0_s0
I-AliCDBManager::GetAll: Now look into all other specific storages...
I-AliCDBManager::GetAll: After look into other specific storages, result list is:
I-AliCDBManager::GetAll: path: "HLT/Calib/RecoParam"; run range: [0,999999999]; version: v0_s0
I-AliCDBManager::GetAll: path: "HLT/Calib/StreamerInfo"; run range: [0,999999999]; version: v0_s0
I-AliCDBManager::GetAll: path: "HLT/Calib/esdLayout"; run range: [0,999999999]; version: v0_s0
I-AliCDBManager::GetAll: path: "HLT/ConfigAnalysis/dNdPtAnalysis"; run range: [0,999999999]; version: v0_s0
I-AliCDBManager::GetAll: path: "HLT/ConfigGlobal/MultiplicityCorrelations"; run range: [0,999999999]; version: v0_s0
I-AliCDBManager::GetAll: path: "HLT/ConfigGlobal/MultiplicityCorrelationsCentrality"; run range: [0,999999999]; version: v0_s0
I-AliCDBManager::GetAll: path: "HLT/ConfigHLT/BarrelHighMultiplicity"; run range: [0,999999999]; version: v0_s0
I-AliCDBManager::GetAll: path: "HLT/ConfigHLT/BarrelMultiplicityTrigger"; run range: [0,999999999]; version: v0_s0
I-AliCDBManager::GetAll: path: "HLT/ConfigHLT/BarrelPt_v01"; run range: [0,999999999]; version: v0_s0
I-AliCDBManager::GetAll: path: "HLT/ConfigHLT/BarrelPt_v02"; run range: [0,999999999]; version: v0_s0
I-AliCDBManager::GetAll: path: "HLT/ConfigHLT/BarrelPt_v03"; run range: [0,999999999]; version: v0_s0
I-AliCDBManager::GetAll: path: "HLT/ConfigHLT/CosmicsTrigger"; run range: [0,999999999]; version: v0_s0
I-AliCDBManager::GetAll: path: "HLT/ConfigHLT/D0Trigger"; run range: [0,999999999]; version: v0_s0
I-AliCDBManager::GetAll: path: "HLT/ConfigHLT/EmcalClusterEnergyTrigger"; run range: [0,999999999]; version: v0_s0
I-AliCDBManager::GetAll: path: "HLT/ConfigHLT/EmcalElectronTrigger"; run range: [0,999999999]; version: v0_s0
I-AliCDBManager::GetAll: path: "HLT/ConfigHLT/EmcalJetTrigger"; run range: [0,999999999]; version: v0_s0
I-AliCDBManager::GetAll: path: "HLT/ConfigHLT/GammaConversionTrigger"; run range: [0,999999999]; version: v0_s0
I-AliCDBManager::GetAll: path: "HLT/ConfigHLT/GlobalHisto"; run range: [0,999999999]; version: v0_s0
I-AliCDBManager::GetAll: path: "HLT/ConfigHLT/GlobalOfflineVertexer"; run range: [0,999999999]; version: v0_s0
I-AliCDBManager::GetAll: path: "HLT/ConfigHLT/GlobalTrackMatcher"; run range: [0,999999999]; version: v0_s0
I-AliCDBManager::GetAll: path: "HLT/ConfigHLT/HLTGlobalTrigger"; run range: [0,999999999]; version: v0_s0
I-AliCDBManager::GetAll: path: "HLT/ConfigHLT/H_._Barrel_pT_Single_._V0001.001"; run range: [0,999999999]; version: v0_s0
I-AliCDBManager::GetAll: path: "HLT/ConfigHLT/H_._Barrel_pT_Single_._V0002.001"; run range: [0,999999999]; version: v0_s0
I-AliCDBManager::GetAll: path: "HLT/ConfigHLT/H_._Barrel_pT_Single_._V0003.001"; run range: [0,999999999]; version: v0_s0
I-AliCDBManager::GetAll: path: "HLT/ConfigHLT/ITSMultiplicityTrigger"; run range: [0,999999999]; version: v0_s0
I-AliCDBManager::GetAll: path: "HLT/ConfigHLT/PhosClusterEnergyTrigger"; run range: [0,999999999]; version: v0_s0
I-AliCDBManager::GetAll: path: "HLT/ConfigHLT/PhosMipTrigger"; run range: [0,999999999]; version: v0_s0
I-AliCDBManager::GetAll: path: "HLT/ConfigHLT/PrimaryVertexFinder"; run range: [0,999999999]; version: v0_s0
I-AliCDBManager::GetAll: path: "HLT/ConfigHLT/V0Finder"; run range: [0,999999999]; version: v0_s0
I-AliCDBManager::GetAll: path: "HLT/ConfigHLT/V0Histo"; run range: [0,999999999]; version: v0_s0
I-AliCDBManager::GetAll: path: "HLT/ConfigHLT/esdLayout"; run range: [0,999999999]; version: v0_s0
I-AliCDBManager::GetAll: path: "HLT/ConfigITS/ITSClusterFinderSDD"; run range: [0,999999999]; version: v0_s0
I-AliCDBManager::GetAll: path: "HLT/ConfigITS/ITSClusterFinderSPD"; run range: [0,999999999]; version: v0_s0
I-AliCDBManager::GetAll: path: "HLT/ConfigITS/ITSClusterFinderSSD"; run range: [0,999999999]; version: v0_s0
I-AliCDBManager::GetAll: path: "HLT/ConfigITS/ITSTracker"; run range: [0,999999999]; version: v0_s0
I-AliCDBManager::GetAll: path: "HLT/ConfigMUON/DecisionComponent"; run range: [0,999999999]; version: v0_s0
I-AliCDBManager::GetAll: path: "HLT/ConfigMUON/FieldIntegrals"; run range: [0,999999999]; version: v0_s0
I-AliCDBManager::GetAll: path: "HLT/ConfigMUON/HitReconstructor"; run range: [0,999999999]; version: v0_s0
I-AliCDBManager::GetAll: path: "HLT/ConfigMUON/MansoTrackerFSM"; run range: [0,999999999]; version: v0_s0
I-AliCDBManager::GetAll: path: "HLT/ConfigMUON/TriggerReconstructor"; run range: [0,999999999]; version: v0_s0
I-AliCDBManager::GetAll: path: "HLT/ConfigPHOS/PHOSClusterizer"; run range: [0,999999999]; version: v0_s0
I-AliCDBManager::GetAll: path: "HLT/ConfigPHOS/PHOSDigitMaker"; run range: [0,999999999]; version: v0_s0
I-AliCDBManager::GetAll: path: "HLT/ConfigPHOS/PHOSRawAnalyzer"; run range: [0,999999999]; version: v0_s0
I-AliCDBManager::GetAll: path: "HLT/ConfigSample/SampleCalibration"; run range: [0,999999999]; version: v0_s0
I-AliCDBManager::GetAll: path: "HLT/ConfigSample/SampleComponent1"; run range: [0,999999999]; version: v0_s0
I-AliCDBManager::GetAll: path: "HLT/ConfigSample/SampleESDAnalysis"; run range: [0,999999999]; version: v0_s0
I-AliCDBManager::GetAll: path: "HLT/ConfigSample/SampleRawAnalysis"; run range: [0,999999999]; version: v0_s0
I-AliCDBManager::GetAll: path: "HLT/ConfigTPC/TPCCAGlobalMerger"; run range: [0,999999999]; version: v0_s0
I-AliCDBManager::GetAll: path: "HLT/ConfigTPC/TPCCATracker"; run range: [0,999999999]; version: v0_s0
I-AliCDBManager::GetAll: path: "HLT/ConfigTPC/TPCCFComparison"; run range: [0,999999999]; version: v0_s0
I-AliCDBManager::GetAll: path: "HLT/ConfigTPC/TPCCalibTime"; run range: [0,999999999]; version: v0_s0
I-AliCDBManager::GetAll: path: "HLT/ConfigTPC/TPCClusterFinder32Bit"; run range: [0,999999999]; version: v0_s0
I-AliCDBManager::GetAll: path: "HLT/ConfigTPC/TPCClusterFinderDecoder"; run range: [0,999999999]; version: v0_s0
I-AliCDBManager::GetAll: path: "HLT/ConfigTPC/TPCClusterFinderPacked"; run range: [0,999999999]; version: v0_s0
I-AliCDBManager::GetAll: path: "HLT/ConfigTPC/TPCClusterFinderUnpacked"; run range: [0,999999999]; version: v0_s0
I-AliCDBManager::GetAll: path: "HLT/ConfigTPC/TPCDataCompressor"; run range: [0,999999999]; version: v0_s0
I-AliCDBManager::GetAll: path: "HLT/ConfigTPC/TPCDataCompressorHuffmanTables"; run range: [0,999999999]; version: v0_s0
I-AliCDBManager::GetAll: path: "HLT/ConfigTPC/TPCGlobalMerger"; run range: [0,999999999]; version: v0_s0
I-AliCDBManager::GetAll: path: "HLT/ConfigTPC/TPCHWClusterDecoder"; run range: [0,999999999]; version: v0_s0
I-AliCDBManager::GetAll: path: "HLT/ConfigTPC/TPCHWClusterFinder"; run range: [0,999999999]; version: v0_s1
I-AliCDBManager::GetAll: path: "HLT/ConfigTPC/TPCHWClusterTransform"; run range: [0,999999999]; version: v0_s0
I-AliCDBManager::GetAll: path: "HLT/ConfigTPC/TPCSliceTracker"; run range: [0,999999999]; version: v0_s0
I-AliCDBManager::GetAll: path: "HLT/ConfigTPC/TPCTrackHisto"; run range: [0,999999999]; version: v0_s0
I-AliCDBManager::GetAll: path: "HLT/ConfigTPC/TPCVertexFinder"; run range: [0,999999999]; version: v0_s0
I-AliCDBManager::GetAll: path: "HLT/ConfigTPC/TPCdEdxMonitoring"; run range: [0,999999999]; version: v0_s0
I-AliCDBManager::GetAll: path: "HLT/ConfigTRD/ClusterizerComponent"; run range: [0,999999999]; version: v0_s0
I-AliCDBManager::GetAll: path: "HLT/ConfigTRD/TrackerV1Component"; run range: [0,999999999]; version: v0_s0
I-AliCDBManager::GetAll: path: "HLT/ConfigVZERO/VZEROReconstruction"; run range: [0,999999999]; version: v0_s0
I-AliCDBManager::GetAll: path: "HLT/ConfigZDC/ZDCESDReco"; run range: [0,999999999]; version: v0_s0
I-AliReconstruction::LoadTriggerScalersCDB: Found an AliTriggerRunScalers in GRP/CTP/Scalers, reading it
I-AliReconstruction::LoadTriggerScalersCDB: 32bit Trigger counters corrected for overflow
I-AliReconstruction::LoadCTPTimeParamsCDB: Found an AliCTPTimeParams in GRP/CTP/CTPtiming, reading it
I-AliReconstruction::LoadCTPTimeParamsCDB: Found an AliCTPTimeParams in GRP/CTP/TimeAlign, reading it
I-AliReconstruction::ReadIntensityInfoCDB: Reading mean bunch intensities from GRP/GRP/LHCData
W-AliLHCData::GetMeanIntensity: No BC masks are provided
 <message repeated 1 time>
I-AliReconstruction::InitRecoParams: Loading GRP reconstruction parameter objects
I-AliReconstruction::InitRecoParams: Loading reconstruction parameter objects for detector MUON
 ***********************************
 *        OpenDecayTable           *
 *        ---------------          *
 *   USE ALIROOT decaytable        *
 ***********************************
1                                                                              
 ******************************************************************************
 ******************************************************************************
 **                                                                          **
 **                                                                          **
 **              *......*                  Welcome to the Lund Monte Carlo!  **
 **         *:::!!:::::::::::*                                               **
 **      *::::::!!::::::::::::::*          PPP  Y   Y TTTTT H   H III   A    **
 **    *::::::::!!::::::::::::::::*        P  P  Y Y    T   H   H  I   A A   **
 **   *:::::::::!!:::::::::::::::::*       PPP    Y     T   HHHHH  I  AAAAA  **
 **   *:::::::::!!:::::::::::::::::*       P      Y     T   H   H  I  A   A  **
 **    *::::::::!!::::::::::::::::*!       P      Y     T   H   H III A   A  **
 **      *::::::!!::::::::::::::* !!                                         **
 **      !! *:::!!:::::::::::*    !!       This is PYTHIA version 6.425      **
 **      !!     !* -><- *         !!       Last date of change: 23 Mar 2011  **
 **      !!     !!                !!                                         **
 **      !!     !!                !!       Now is  0 Jan 2000 at  0:00:00    **
 **      !!                       !!                                         **
 **      !!        lh             !!       Disclaimer: this program comes    **
 **      !!                       !!       without any guarantees. Beware    **
 **      !!                 hh    !!       of errors and use common sense    **
 **      !!    ll                 !!       when interpreting results.        **
 **      !!                       !!                                         **
 **      !!                                Copyright T. Sjostrand (2011)     **
 **                                                                          **
 ** An archive of program versions and documentation is found on the web:    **
 ** http://www.thep.lu.se/~torbjorn/Pythia.html                              **
 **                                                                          **
 ** When you cite this program, the official reference is to the 6.4 manual: **
 ** T. Sjostrand, S. Mrenna and P. Skands, JHEP05 (2006) 026                 **
 ** (LU TP 06-13, FERMILAB-PUB-06-052-CD-T) [hep-ph/0603175].                **
 **                                                                          **
 ** Also remember that the program, to a large extent, represents original   **
 ** physics research. Other publications of special relevance to your        **
 ** studies may therefore deserve separate mention.                          **
 **                                                                          **
 ** Main author: Torbjorn Sjostrand; Department of Theoretical Physics,      **
 **   Lund University, Solvegatan 14A, S-223 62 Lund, Sweden;                **
 **   phone: + 46 - 46 - 222 48 16; e-mail: torbjorn@thep.lu.se              **
 ** Author: Stephen Mrenna; Computing Division, GDS Group,                   **
 **   Fermi National Accelerator Laboratory, MS 234, Batavia, IL 60510, USA; **
 **   phone: + 1 - 630 - 840 - 2556; e-mail: mrenna@fnal.gov                 **
 ** Author: Peter Skands; CERN/PH-TH, CH-1211 Geneva, Switzerland            **
 **   phone: + 41 - 22 - 767 24 47; e-mail: peter.skands@cern.ch             **
 **                                                                          **
 **                                                                          **
 ******************************************************************************
 ******************************************************************************

     Advisory warning type 7 given after        0 PYEXEC calls:
     (PYUPDA:) Kinematically unallowed decay of KF =       18

     Advisory warning type 7 given after        0 PYEXEC calls:
     (PYUPDA:) Kinematically unallowed decay of KF =       18

     Advisory warning type 7 given after        0 PYEXEC calls:
     (PYUPDA:) Kinematically unallowed decay of KF =      113

     Advisory warning type 7 given after        0 PYEXEC calls:
     (PYUPDA:) Kinematically unallowed decay of KF =      113

     Advisory warning type 7 given after        0 PYEXEC calls:
     (PYUPDA:) Kinematically unallowed decay of KF =      113

     Advisory warning type 7 given after        0 PYEXEC calls:
     (PYUPDA:) Kinematically unallowed decay of KF =      113

     Advisory warning type 7 given after        0 PYEXEC calls:
     (PYUPDA:) Kinematically unallowed decay of KF =      115

     Advisory warning type 7 given after        0 PYEXEC calls:
     (PYUPDA:) Kinematically unallowed decay of KF =      215

     Advisory warning type 7 given after        0 PYEXEC calls:
     (PYUPDA:) Sum of branching ratios is  1.05920 for KF =      421

     Advisory warning type 7 given after        0 PYEXEC calls:
     (PYUPDA:) Sum of branching ratios is  1.09610 for KF =     4122
E-TStreamerInfo::Build: AliGenerator, unknown type: Bool_t(*)(AliStack*) fUserTrigger

W-AliRunLoader::LoadgAlice: gAlice already exists. Putting retrived object in folder named Event
I-AliReconstruction::CheckRecoCDBvsSimuCDB: Check 1 entries for matching between sim and rec
I-AliReconstruction::CheckRecoCDBvsSimuCDB: #0 Checking TPC/Calib/RecoParam
I-AliReconstruction::CheckRecoCDBvsSimuCDB: Sim. did not use this object
I-AliReconstruction::CheckRecoCDBvsSimuCDB: Rec. used path: "TPC/Calib/RecoParam"; run range: [0,999999999]; version: v0_s1 from local:///home/yano/alice/OCDB/OCDB
I-AliReconstruction::CreateTrackers: Creating trackers
operator = ESD
I-AliReconstruction::SlaveBegin: Current memory usage 594600 1381040
I-AliTOFPIDResponse::LoadTOFtailHisto: Loaded TOF tail histogram from file $ALICE_ROOT/TOF/data/addTOFtail.root
E-AliHMPIDPIDResponse::AliHMPIDPIDResponse: The symbolic volume HMPID_0 does not correspond to any physical entry!
E-AliHMPIDPIDResponse::AliHMPIDPIDResponse: The symbolic volume HMPID_1 does not correspond to any physical entry!
E-AliHMPIDPIDResponse::AliHMPIDPIDResponse: The symbolic volume HMPID_2 does not correspond to any physical entry!
E-AliHMPIDPIDResponse::AliHMPIDPIDResponse: The symbolic volume HMPID_3 does not correspond to any physical entry!
E-AliHMPIDPIDResponse::AliHMPIDPIDResponse: The symbolic volume HMPID_4 does not correspond to any physical entry!
E-AliHMPIDPIDResponse::AliHMPIDPIDResponse: The symbolic volume HMPID_5 does not correspond to any physical entry!
E-AliHMPIDPIDResponse::AliHMPIDPIDResponse: The symbolic volume HMPID_6 does not correspond to any physical entry!
W-AliQADataMaker::SetCloningRequest: Cloning request is incomplete
I-AliQAManager::Init: AliEn classes enabled in Root. AliCDBGrid factory registered.
W-AliReconstruction::InitQA: !!!!!!!!!!!!!!!!!!!!!!!!!!!!!!!!!!!!!!!!!!!!!!!!!!!!!
W-AliReconstruction::InitQA: Default QA refeference storage not yet set !!!!
W-AliReconstruction::InitQA: Setting it now to: local://$ALICE_ROOT/QAref
W-AliReconstruction::InitQA: !!!!!!!!!!!!!!!!!!!!!!!!!!!!!!!!!!!!!!!!!!!!!!!!!!!!!
I-AliMUONQADataMakerRec::AliMUONQADataMakerRec: tracker=1 trigger=1
I-AliReconstruction::InitQA: Initializing the global QA data maker
I-AliReconstruction::ProcessTriggerAliases: Aliases defined:
Collection name='THashList', class='THashList', size=0
I-AliReconstruction::SlaveBegin: 5.00% of HLT ESD events will be stored
I-AliReconstruction::SlaveBegin: 100.00% of ESD friends  will be stored
I-AliReconstruction::Run: Starting looping over events
W-AliRunLoader::LoadTrigger: Trigger is already loaded. Nothing done. Message will not be repeated.
I-AliReconstruction::ProcessEvent: ================================= Processing event 0 of type Default    ==================================
EventInfo for EventType:	7 Cosmic:OFF Laser:OFF Other:ON
fTriggerMask/fTriggerMaskNext50:	0xf0000/0
TriggerCluster:	ITSSPD MUONTRK MUONTRG FMD T0 VZERO ZDC 
TriggerClasses:	 MULU  MULL  MUHU  MUHL 
HLT desicion  :	
I-AliReconstruction::FillMCEventHeaderESD: Filling information from MC Header
 <message repeated 1 time>
I-AliReconstruction::RunLocalEventReconstruction: kNDetectors = 18
I-AliReconstruction::RunLocalEventReconstruction: running reconstruction for MUON
I-AliMUONReconstructor::Reconstruct: Created AliMUONDigitStoreV2S from TreeD
I-AliMUONReconstructor::Reconstruct: Created AliMUONTriggerStoreV1 from TreeD
I-AliMUONReconstructor::CreateCalibrationData: Run with MUON TRIGGER : YES and MUON TRACKER : YES
I-AliMUONReconstructor::CreateCalibrator: Calibration will occur.
I-AliMUONReconstructor::CreateClusterServer: Created AliMUONSimpleClusterServer (0x12b0b340) for specie 3 with clustering = AliMUONClusterFinderMLEM (following requesting clustering mode MLEM)
I-AliMUONReconstructor::CreateTracker: Created tracker 0x1bd0a1c0 for recoparam of type LowMultiplicity es=3
I-AliReconstruction::RunTracking: running tracking
I-AliReconstruction::DecideFriendsStorage: AliESDfriends event stored: 0 (with TPC: 0) out of 0 friend tracks will be kept
I-AliReconstruction::ProcessEvent: No TPC clusters: VertexerTracks will run with ITSpureSA tracks
I-AliV0vertexer::SetV0HypSel: No V0 hypothesis selection will be performed
I-AliReconstruction::ProcessEvent: V0 selection hypotheses:
Collection name='TObjArray', class='TObjArray', size=16
I-AliCascadeVertexer::V0sTracks2CascadeVertices: Number of reconstructed cascades: 0
I-AliReconstruction::FillTriggerESD: Filling trigger information into the ESD
E-AliTriggerRunScalers::GetScalersForEventClass: Event AliTimeStamp out of range!
 <message repeated 3 times>
E-AliTriggerRunScalers::GetScalersDeltaForEvent: Event AliTimeStamp out of range!
I-AliReconstruction::CleanESD: Number of ESD tracks and V0s before cleaning: 0 0
I-AliReconstruction::CleanESD: Number of ESD tracks and V0s after cleaning 0 0
I-AliReconstruction::ProcessEvent: HLT ESD for this event will be empty
I-AliReconstruction::ProcessEvent: ======================= End Event 0: Res 622( 39 < 39>) Vir 1509(129 <129>) CPU  1.35 < 1.35> ===================
I-AliReconstruction::CleanProcessedEvent: ======================= End Event ===================
I-AliReconstruction::ProcessEvent: ================================= Processing event 1 of type Default    ==================================
EventInfo for EventType:	7 Cosmic:OFF Laser:OFF Other:ON
fTriggerMask/fTriggerMaskNext50:	0xf0000/0
TriggerCluster:	ITSSPD MUONTRK MUONTRG FMD T0 VZERO ZDC 
TriggerClasses:	 MULU  MULL  MUHU  MUHL 
HLT desicion  :	
I-AliReconstruction::FillMCEventHeaderESD: Filling information from MC Header
 <message repeated 1 time>
I-AliReconstruction::RunLocalEventReconstruction: kNDetectors = 18
I-AliReconstruction::RunLocalEventReconstruction: running reconstruction for MUON
I-AliReconstruction::RunTracking: running tracking
I-AliReconstruction::DecideFriendsStorage: AliESDfriends event stored: 0 (with TPC: 0) out of 0 friend tracks will be kept
I-AliReconstruction::ProcessEvent: No TPC clusters: VertexerTracks will run with ITSpureSA tracks
I-AliV0vertexer::SetV0HypSel: No V0 hypothesis selection will be performed
I-AliCascadeVertexer::V0sTracks2CascadeVertices: Number of reconstructed cascades: 0
I-AliReconstruction::FillTriggerESD: Filling trigger information into the ESD
E-AliTriggerRunScalers::GetScalersForEventClass: Event AliTimeStamp out of range!
 <message repeated 3 times>
E-AliTriggerRunScalers::GetScalersDeltaForEvent: Event AliTimeStamp out of range!
I-AliReconstruction::CleanESD: Number of ESD tracks and V0s before cleaning: 0 0
I-AliReconstruction::CleanESD: Number of ESD tracks and V0s after cleaning 0 0
I-AliReconstruction::ProcessEvent: HLT ESD for this event will be empty
I-AliReconstruction::ProcessEvent: ======================= End Event 1: Res 633( 10 < 25>) Vir 1547( 37 < 83>) CPU  0.49 < 0.92> ===================
I-AliReconstruction::CleanProcessedEvent: ======================= End Event ===================
I-AliReconstruction::ProcessEvent: ================================= Processing event 2 of type Default    ==================================
EventInfo for EventType:	7 Cosmic:OFF Laser:OFF Other:ON
fTriggerMask/fTriggerMaskNext50:	0xf0000/0
TriggerCluster:	ITSSPD MUONTRK MUONTRG FMD T0 VZERO ZDC 
TriggerClasses:	 MULU  MULL  MUHU  MUHL 
HLT desicion  :	
I-AliReconstruction::FillMCEventHeaderESD: Filling information from MC Header
 <message repeated 1 time>
I-AliReconstruction::RunLocalEventReconstruction: kNDetectors = 18
I-AliReconstruction::RunLocalEventReconstruction: running reconstruction for MUON
I-AliReconstruction::RunTracking: running tracking
I-AliReconstruction::DecideFriendsStorage: AliESDfriends event stored: 0 (with TPC: 0) out of 0 friend tracks will be kept
I-AliReconstruction::ProcessEvent: No TPC clusters: VertexerTracks will run with ITSpureSA tracks
I-AliV0vertexer::SetV0HypSel: No V0 hypothesis selection will be performed
I-AliCascadeVertexer::V0sTracks2CascadeVertices: Number of reconstructed cascades: 0
I-AliReconstruction::FillTriggerESD: Filling trigger information into the ESD
E-AliTriggerRunScalers::GetScalersForEventClass: Event AliTimeStamp out of range!
 <message repeated 3 times>
E-AliTriggerRunScalers::GetScalersDeltaForEvent: Event AliTimeStamp out of range!
I-AliReconstruction::CleanESD: Number of ESD tracks and V0s before cleaning: 0 0
I-AliReconstruction::CleanESD: Number of ESD tracks and V0s after cleaning 0 0
I-AliReconstruction::ProcessEvent: HLT ESD for this event will be empty
I-AliReconstruction::ProcessEvent: ======================= End Event 2: Res 634(  0 < 17>) Vir 1548(  0 < 56>) CPU  0.08 < 0.64> ===================
I-AliReconstruction::CleanProcessedEvent: ======================= End Event ===================
I-AliReconstruction::ProcessEvent: ================================= Processing event 3 of type Default    ==================================
EventInfo for EventType:	7 Cosmic:OFF Laser:OFF Other:ON
fTriggerMask/fTriggerMaskNext50:	0xf0000/0
TriggerCluster:	ITSSPD MUONTRK MUONTRG FMD T0 VZERO ZDC 
TriggerClasses:	 MULU  MULL  MUHU  MUHL 
HLT desicion  :	
I-AliReconstruction::FillMCEventHeaderESD: Filling information from MC Header
 <message repeated 1 time>
I-AliReconstruction::RunLocalEventReconstruction: kNDetectors = 18
I-AliReconstruction::RunLocalEventReconstruction: running reconstruction for MUON
I-AliReconstruction::RunTracking: running tracking
I-AliReconstruction::DecideFriendsStorage: AliESDfriends event stored: 0 (with TPC: 0) out of 0 friend tracks will be kept
I-AliReconstruction::ProcessEvent: No TPC clusters: VertexerTracks will run with ITSpureSA tracks
I-AliV0vertexer::SetV0HypSel: No V0 hypothesis selection will be performed
I-AliCascadeVertexer::V0sTracks2CascadeVertices: Number of reconstructed cascades: 0
I-AliReconstruction::FillTriggerESD: Filling trigger information into the ESD
E-AliTriggerRunScalers::GetScalersForEventClass: Event AliTimeStamp out of range!
 <message repeated 3 times>
E-AliTriggerRunScalers::GetScalersDeltaForEvent: Event AliTimeStamp out of range!
I-AliReconstruction::CleanESD: Number of ESD tracks and V0s before cleaning: 0 0
I-AliReconstruction::CleanESD: Number of ESD tracks and V0s after cleaning 0 0
I-AliReconstruction::ProcessEvent: HLT ESD for this event will be empty
I-AliReconstruction::ProcessEvent: ======================= End Event 3: Res 634(  0 < 13>) Vir 1548(  0 < 42>) CPU  0.04 < 0.49> ===================
I-AliReconstruction::CleanProcessedEvent: ======================= End Event ===================
I-AliReconstruction::ProcessEvent: ================================= Processing event 4 of type Default    ==================================
EventInfo for EventType:	7 Cosmic:OFF Laser:OFF Other:ON
fTriggerMask/fTriggerMaskNext50:	0xf0000/0
TriggerCluster:	ITSSPD MUONTRK MUONTRG FMD T0 VZERO ZDC 
TriggerClasses:	 MULU  MULL  MUHU  MUHL 
HLT desicion  :	
I-AliReconstruction::FillMCEventHeaderESD: Filling information from MC Header
 <message repeated 1 time>
I-AliReconstruction::RunLocalEventReconstruction: kNDetectors = 18
I-AliReconstruction::RunLocalEventReconstruction: running reconstruction for MUON
I-AliReconstruction::RunTracking: running tracking
I-AliReconstruction::DecideFriendsStorage: AliESDfriends event stored: 0 (with TPC: 0) out of 0 friend tracks will be kept
I-AliReconstruction::ProcessEvent: No TPC clusters: VertexerTracks will run with ITSpureSA tracks
I-AliV0vertexer::SetV0HypSel: No V0 hypothesis selection will be performed
I-AliCascadeVertexer::V0sTracks2CascadeVertices: Number of reconstructed cascades: 0
I-AliReconstruction::FillTriggerESD: Filling trigger information into the ESD
E-AliTriggerRunScalers::GetScalersForEventClass: Event AliTimeStamp out of range!
 <message repeated 3 times>
E-AliTriggerRunScalers::GetScalersDeltaForEvent: Event AliTimeStamp out of range!
I-AliReconstruction::CleanESD: Number of ESD tracks and V0s before cleaning: 0 0
I-AliReconstruction::CleanESD: Number of ESD tracks and V0s after cleaning 0 0
I-AliReconstruction::ProcessEvent: HLT ESD for this event will be empty
I-AliReconstruction::ProcessEvent: ======================= End Event 4: Res 634(  0 < 11>) Vir 1548(  0 < 34>) CPU  0.05 < 0.40> ===================
I-AliReconstruction::CleanProcessedEvent: ======================= End Event ===================
W-AliReconstruction::SlaveTerminate: Finish PlaneEff evaluation failed
I-TCanvas::Print: ps file QAImageRec0.ps has been created
I-TCanvas::Print: ps file QAImageRec0.ps has been closed
I-AliMUONPadStatusMaker::Report: 
According to mask 8080 (human readable form below)      0 pads are bad (over a total of 1064008, i.e.    0.00 %)
  Ped is missing | HV is missing 
--------
Map UniqueID = 272
I-AliMUONDigitCalibrator::~AliMUONDigitCalibrator: Summary of messages:
   0  ChargeSigmaCut used = 4.000000e+00   1561
I-AliMUONDigitCalibrator::~AliMUONDigitCalibrator: We have seen 1561 pads, and rejected 0 (   0.00 %)
I-AliMUONClusterFinderMLEM::~AliMUONClusterFinderMLEM: Total clusters 0 AddVirtualPad needed 0
E-TList::Delete: A list is accessing an object (0x18c8d3b0) already deleted (list name = UserInfo)
I-AliQAv1::ShowStatus: ====> QA Status for     MUON LowMultiplicity raw =0x0, sim=0x0, rec=0x0, esd=0x0, ana=0x0
I-AliESDTagCreator::CreateESDTags: Creating the ESD tags.......
I-AliESDTagCreator::CreateESDTags: writing tags to file Run0.Event0_4.ESD.tag.root
Real time 0:00:11, CP time 7.910
I-AliQAv1::ShowStatus: ====> QA Status for     MUON LowMultiplicity raw =0x0, sim=0x0, rec=0x0, esd=0x0, ana=0x0
AliMUONCalibrationData
   AliMUONCalibrationData  R:0.0000s C:0.0000s (3 slices)
   CreateHV hvMap=0x7e24760 R:0.0027s C:0.0000s (1 slices)
   CreateObject 
        000000000 : MUON/Calib/Config R:0.0000s C:0.0000s (1 slices)
        000000000 : MUON/Calib/GlobalTriggerCrateConfig R:0.0000s C:0.0000s (1 slices)
        000000000 : MUON/Calib/HV R:0.0000s C:0.0000s (1 slices)
        000000000 : MUON/Calib/LocalTriggerBoardMasks R:0.0000s C:0.0000s (1 slices)
        000000000 : MUON/Calib/Neighbours R:0.0000s C:0.0000s (1 slices)
        000000000 : MUON/Calib/OccupancyMap R:0.0000s C:0.0000s (1 slices)
        000000000 : MUON/Calib/Pedestals R:0.0000s C:0.0000s (1 slices)
        000000000 : MUON/Calib/RegionalTriggerConfig R:0.0000s C:0.0000s (1 slices)
        000000000 : MUON/Calib/RejectList R:0.0000s C:0.0000s (1 slices)
        000000000 : MUON/Calib/TriggerLut R:0.0000s C:0.0000s (1 slices)
   PatchSt1DCSAliases hvMap=0x7e24760 R:0.0019s C:0.0000s (1 slices)
AliMUONClusterFinderMLEM
   CheckPrecluster  R:0.0015s C:0.0000s (192 slices)
AliMUONDigitMaker
   TriggerDigits  R:0.3897s C:0.4000s (710 slices)
AliMUONLegacyClusterServer
   Clusterize 
        Chamber 0 R:0.0005s C:0.0000s (5 slices)
        Chamber 1 R:0.0001s C:0.0000s (5 slices)
        Chamber 2 R:0.0001s C:0.0000s (5 slices)
        Chamber 3 R:0.0001s C:0.0000s (5 slices)
        Chamber 4 R:0.0001s C:0.0000s (5 slices)
        Chamber 5 R:0.0001s C:0.0000s (5 slices)
        Chamber 6 R:0.0001s C:0.0000s (5 slices)
        Chamber 7 R:0.0001s C:0.0000s (5 slices)
        Chamber 8 R:0.0001s C:0.0000s (5 slices)
        Chamber 9 R:0.0001s C:0.0000s (5 slices)
AliMUONPadStatusMaker
   HVSt12Status  R:0.0005s C:0.0000s (48 slices)
   HVSt345Status  R:0.0072s C:0.0100s (600 slices)
   HVStatus  R:0.0594s C:0.1100s (16828 slices)
   LVStatus  R:0.0299s C:0.0200s (16828 slices)
   PadStatus ComputeStatus R:0.2301s C:0.2400s (461 slices)
   Report  R:0.4062s C:0.4100s (1 slices)
   SetHVStatus  R:0.0053s C:0.0000s (648 slices)
AliMUONPadStatusMapMaker
   ComputeStatusMap (Int_t,Int_t) R:0.2442s C:0.2500s (461 slices)
AliMUONReconstructor
   Calibrate AliMUONDigitCalibrator::Calibrate(AliMUONVDigitStore*) R:0.2517s C:0.2600s (5 slices)
   CreateCalibrationData  R:0.0029s C:0.0000s (1 slices)
   CreateCalibrator  R:0.2523s C:0.2500s (1 slices)
   CreateClusterServer  R:0.0005s C:0.0000s (5 slices)
   CreateTriggerCircuit  R:0.0141s C:0.0100s (1 slices)
   CreateTriggerUtilities  R:0.6147s C:0.6100s (1 slices)
   FillTreeR  R:0.1206s C:0.1200s (5 slices)
   Reconstruct  R:0.6337s C:0.6400s (5 slices)
   ResponseRemovingChambers  R:0.0019s C:0.0000s (5 slices)
AliMUONSimpleClusterServer
   Clusterize 
        Chamber 0 R:0.0173s C:0.0100s (5 slices)
        Chamber 1 R:0.0191s C:0.0300s (5 slices)
        Chamber 2 R:0.0077s C:0.0100s (5 slices)
        Chamber 3 R:0.0129s C:0.0000s (5 slices)
        Chamber 4 R:0.0102s C:0.0100s (5 slices)
        Chamber 5 R:0.0090s C:0.0200s (5 slices)
        Chamber 6 R:0.0064s C:0.0000s (5 slices)
        Chamber 7 R:0.0047s C:0.0000s (5 slices)
        Chamber 8 R:0.0097s C:0.0200s (5 slices)
        Chamber 9 R:0.0092s C:0.0000s (5 slices)
AliMUONTrackHitPattern
   GetHitPattern  R:0.1309s C:0.1200s (22 slices)
AliMUONTrackReconstructorK
   EventReconstruct  R:0.0419s C:0.0500s (5 slices)
   EventReconstructTrigger  R:0.0002s C:0.0000s (5 slices)
   MakeSegmentsBetweenChambers  R:0.0001s C:0.0000s (10 slices)
   ValidateTracksWithTrigger  R:0.1352s C:0.1300s (5 slices)
AliMUONTracker
   Clusters2Tracks  R:0.1827s C:0.1800s (5 slices)
   FillESD  R:0.0046s C:0.0000s (5 slices)
AliMUONTrackerData
   CreateBusPatchParam  R:0.0031s C:0.0100s (888 slices)
   CreateChamberParam  R:0.0017s C:0.0000s (10 slices)
   CreateDetectionElementParam  R:0.0012s C:0.0000s (156 slices)
   CreateManuParam  R:0.0419s C:0.0400s (16828 slices)
   CreatePCBParam  R:0.0025s C:0.0000s (600 slices)
AliMUONTriggerElectronics
   Digits2Trigger  R:0.1723s C:0.1400s (235 slices)
   Feed  R:0.1255s C:0.0800s (235 slices)
   GlobalResponse  R:0.0088s C:0.0100s (235 slices)
   LocalResponse  R:0.0132s C:0.0200s (235 slices)
   RegionalResponse  R:0.0068s C:0.0000s (235 slices)
   ResponseRemovingChambers  R:0.0011s C:0.0000s (5 slices)
AliMpDCSNamer
   ManuId2PCBIndex  R:0.0628s C:0.0800s (19952 slices)
   ManuId2Sector  R:0.0198s C:0.0300s (7200 slices)
AliMpDetElement
   AddManu 
         R:0.5065s C:0.5100s (16828 slices)
        slat R:0.2421s C:0.2500s (9676 slices)
        st12 R:0.1841s C:0.2100s (7152 slices)
AliMpFastSegmentation
   AliMpFastSegmentation 
        AliMpSectorSegmentation R:0.0203s C:0.0200s (4 slices)
        AliMpSlatSegmentation R:0.0250s C:0.0200s (38 slices)
AliMpMotifMap
   GetMotifPosition  R:0.0266s C:0.0200s (7152 slices)
AliReconstruction
   Begin  R:3.0728s C:2.2500s (1 slices)
   FillESD  R:0.1140s C:0.0200s (5 slices)
   FillTriggerESD  R:0.0000s C:0.0000s (5 slices)
   GetEventInfo  R:0.0004s C:0.0000s (5 slices)
   InitCDB  R:0.0254s C:0.0100s (1 slices)
   InitQA  R:0.0220s C:0.0100s (1 slices)
   InitRawReader  R:0.0117s C:0.0000s (1 slices)
   InitRun  R:0.5772s C:0.3300s (1 slices)
   LoadCDB  R:2.6914s C:2.0100s (1 slices)
   LoadTriggerScalersCDB  R:0.0038s C:0.0100s (1 slices)
   MergeQA  R:0.0618s C:0.0000s (1 slices)
   ProcessEvent  R:2.8275s C:1.6100s (5 slices)
   Run  R:11.8876s C:7.9000s (1 slices)
   RunLocalEventReconstruction  R:0.9368s C:0.6900s (5 slices)
   RunMuonTracking  R:0.8285s C:0.8100s (5 slices)
   RunTracking  R:0.0520s C:0.0000s (5 slices)
   SlaveBegin  R:3.7653s C:2.4900s (1 slices)
   SlaveTerminate  R:1.0253s C:0.7300s (1 slices)
   Terminate  R:0.1375s C:0.0900s (1 slices)
General
   CreateClusterFinder  R:0.0002s C:0.0000s (1 slices)
