   ------------------------------------------------------------------
  | Welcome to ROOT 6.20/08                        https://root.cern |
  | (c) 1995-2020, The ROOT Team; conception: R. Brun, F. Rademakers |
  | Built for linuxx8664gcc on Dec 25 2020, 21:13:00                 |
  | From tags/v6-20-08-alice1@v6-20-08-1-g700d618                    |
  | Try '.help', '.demo', '.license', '.credits', '.quit'/'.q'       |
   ------------------------------------------------------------------


Processing sim.C(5)...
I-TUnixSystem::ACLiC: creating shared library /home/yano/GlobalMuonTracking/matching_dir/././AliGenMimicPbPb_cxx.so
E-TSystem::ExpandFileName: input: $ALICE_PHYSICS/include/AliGenMimicPbPb_linkdef.h, output: $ALICE_PHYSICS/include/AliGenMimicPbPb_linkdef.h
E-TSystem::ExpandFileName: input: $ALIDPG_ROOT/include/AliGenMimicPbPb_linkdef.h, output: $ALIDPG_ROOT/include/AliGenMimicPbPb_linkdef.h
E-TSystem::ExpandFileName: input: $ALICE_PHYSICS/include/AliGenMimicPbPb_linkdef.hh, output: $ALICE_PHYSICS/include/AliGenMimicPbPb_linkdef.hh
E-TSystem::ExpandFileName: input: $ALIDPG_ROOT/include/AliGenMimicPbPb_linkdef.hh, output: $ALIDPG_ROOT/include/AliGenMimicPbPb_linkdef.hh
E-TSystem::ExpandFileName: input: $ALICE_PHYSICS/include/AliGenMimicPbPb_linkdef.hpp, output: $ALICE_PHYSICS/include/AliGenMimicPbPb_linkdef.hpp
E-TSystem::ExpandFileName: input: $ALIDPG_ROOT/include/AliGenMimicPbPb_linkdef.hpp, output: $ALIDPG_ROOT/include/AliGenMimicPbPb_linkdef.hpp
E-TSystem::ExpandFileName: input: $ALICE_PHYSICS/include/AliGenMimicPbPb_linkdef.hxx, output: $ALICE_PHYSICS/include/AliGenMimicPbPb_linkdef.hxx
E-TSystem::ExpandFileName: input: $ALIDPG_ROOT/include/AliGenMimicPbPb_linkdef.hxx, output: $ALIDPG_ROOT/include/AliGenMimicPbPb_linkdef.hxx
E-TSystem::ExpandFileName: input: $ALICE_PHYSICS/include/AliGenMimicPbPb_linkdef.hPP, output: $ALICE_PHYSICS/include/AliGenMimicPbPb_linkdef.hPP
E-TSystem::ExpandFileName: input: $ALIDPG_ROOT/include/AliGenMimicPbPb_linkdef.hPP, output: $ALIDPG_ROOT/include/AliGenMimicPbPb_linkdef.hPP
E-TSystem::ExpandFileName: input: $ALICE_PHYSICS/include/AliGenMimicPbPb_linkdef.hXX, output: $ALICE_PHYSICS/include/AliGenMimicPbPb_linkdef.hXX
E-TSystem::ExpandFileName: input: $ALIDPG_ROOT/include/AliGenMimicPbPb_linkdef.hXX, output: $ALIDPG_ROOT/include/AliGenMimicPbPb_linkdef.hXX
E-TSystem::ExpandFileName: input: $ALICE_PHYSICS/include/AliGenMimicPbPb.hh, output: $ALICE_PHYSICS/include/AliGenMimicPbPb.hh
E-TSystem::ExpandFileName: input: $ALIDPG_ROOT/include/AliGenMimicPbPb.hh, output: $ALIDPG_ROOT/include/AliGenMimicPbPb.hh
E-TSystem::ExpandFileName: input: $ALICE_PHYSICS/include/AliGenMimicPbPb.hpp, output: $ALICE_PHYSICS/include/AliGenMimicPbPb.hpp
E-TSystem::ExpandFileName: input: $ALIDPG_ROOT/include/AliGenMimicPbPb.hpp, output: $ALIDPG_ROOT/include/AliGenMimicPbPb.hpp
E-TSystem::ExpandFileName: input: $ALICE_PHYSICS/include/AliGenMimicPbPb.hxx, output: $ALICE_PHYSICS/include/AliGenMimicPbPb.hxx
E-TSystem::ExpandFileName: input: $ALIDPG_ROOT/include/AliGenMimicPbPb.hxx, output: $ALIDPG_ROOT/include/AliGenMimicPbPb.hxx
E-TSystem::ExpandFileName: input: $ALICE_PHYSICS/include/AliGenMimicPbPb.hPP, output: $ALICE_PHYSICS/include/AliGenMimicPbPb.hPP
E-TSystem::ExpandFileName: input: $ALIDPG_ROOT/include/AliGenMimicPbPb.hPP, output: $ALIDPG_ROOT/include/AliGenMimicPbPb.hPP
E-TSystem::ExpandFileName: input: $ALICE_PHYSICS/include/AliGenMimicPbPb.hXX, output: $ALICE_PHYSICS/include/AliGenMimicPbPb.hXX
E-TSystem::ExpandFileName: input: $ALIDPG_ROOT/include/AliGenMimicPbPb.hXX, output: $ALIDPG_ROOT/include/AliGenMimicPbPb.hXX
I-AliQAManager::Init: AliEn classes enabled in Root. AliCDBGrid factory registered.
I-AliSimulation::ProcessEnvironmentVars: Processing environment variables
I-AliSimulation::ProcessEnvironmentVars: Seed for random number generation = 0 
I-AliSimulation::ProcessEnvironmentVars: Run number = -1
I-AliSimulation::Run: fRunHLT is set to "", no attempt to extract HLT mode from GRP will be done
I-AliCDBManager::Init: AliEn classes enabled in Root. AliCDBGrid factory registered.
W-AliSimulation::InitRunNumber: Run number not yet set !!!! Setting it now to: 0
I-AliCDBLocal::QueryCDB: Querying files valid for run 0 and path "*" into CDB storage  "local:///home/yano/alice/OCDB/OCDB"
I-AliCDBLocal::QueryCDB: 328 valid files found!
I-AliCDBLocal::QueryCDB: Querying files valid for run 0 and path "GRP/GRP/Data" into CDB storage  "local:///home/yano/GlobalMuonTracking/matching_dir"
I-AliCDBLocal::QueryCDB: 0 valid files found!
I-AliCDBManager::Print: Run number = 0; Cache is ACTIVE; Number of active storages: 2
	*** Default Storage URI: "local:///home/yano/alice/OCDB/OCDB"
	*** Specific storage 1: Path "GRP/GRP/Data" -> URI "local:///home/yano/GlobalMuonTracking/matching_dir"

I-AliSimulation::RunSimulation: initializing gAlice with config file Config.C
     ****************************************************************
     *                                                              *
     *    You are running AliRoot version NewIO
     *    The SVN version for the current program is $Id$
     *                                                              *
     ****************************************************************

=============================================================
 Geant3 Virtual Monte Carlo 
 Version 3.5 ( 2 July 2020 )
 WWW : https://vmc-project.github.io/
=============================================================


 MZSTOR.  ZEBRA table base TAB(0) in /MZCC/ at adr   572724071    22231367 HEX

 MZSTOR.  Initialize Store  0  in /GCBANK/
          with Store/Table at absolute adrs   567278421   572724071
                                        HEX    21CFFB55    22231367
                                        HEX    FFACE5DA           0
                              relative adrs    -5446182           0
          with     1 Str. in     2 Links in   5300 Low words in 4999970 words.
          This store has a fence of   16 words.

 MZLOGL.  Set Log Level 0 for store  0
1*****  GEANT Version  3.21/11 Released on 100298
0*****  Correction Cradle Version  0.1100

 MZDIV.   Initialize Division  Constant  in Store  0
          NW/NWMAX=   20004000000,  MODE/KIND=  1  2
          Division 20 initialized.

 MZLINK.  Initialize Link Area  /GCLINK/  for Store  0 NL/NS=    20    20

 MZLINK.  Initialize Link Area  /GCSLNK/  for Store  0 NL/NS=   100   100
Trigger configuration is set to  p-p
 ***********************************
 *        OpenDecayTable           *
 *        ---------------          *
 *   USE ALIROOT decaytable        *
 ***********************************
1                                                                              
 ******************************************************************************
 ******************************************************************************
 **                                                                          **
 **                                                                          **
 **              *......*                  Welcome to the Lund Monte Carlo!  **
 **         *:::!!:::::::::::*                                               **
 **      *::::::!!::::::::::::::*          PPP  Y   Y TTTTT H   H III   A    **
 **    *::::::::!!::::::::::::::::*        P  P  Y Y    T   H   H  I   A A   **
 **   *:::::::::!!:::::::::::::::::*       PPP    Y     T   HHHHH  I  AAAAA  **
 **   *:::::::::!!:::::::::::::::::*       P      Y     T   H   H  I  A   A  **
 **    *::::::::!!::::::::::::::::*!       P      Y     T   H   H III A   A  **
 **      *::::::!!::::::::::::::* !!                                         **
 **      !! *:::!!:::::::::::*    !!       This is PYTHIA version 6.425      **
 **      !!     !* -><- *         !!       Last date of change: 23 Mar 2011  **
 **      !!     !!                !!                                         **
 **      !!     !!                !!       Now is  0 Jan 2000 at  0:00:00    **
 **      !!                       !!                                         **
 **      !!        lh             !!       Disclaimer: this program comes    **
 **      !!                       !!       without any guarantees. Beware    **
 **      !!                 hh    !!       of errors and use common sense    **
 **      !!    ll                 !!       when interpreting results.        **
 **      !!                       !!                                         **
 **      !!                                Copyright T. Sjostrand (2011)     **
 **                                                                          **
 ** An archive of program versions and documentation is found on the web:    **
 ** http://www.thep.lu.se/~torbjorn/Pythia.html                              **
 **                                                                          **
 ** When you cite this program, the official reference is to the 6.4 manual: **
 ** T. Sjostrand, S. Mrenna and P. Skands, JHEP05 (2006) 026                 **
 ** (LU TP 06-13, FERMILAB-PUB-06-052-CD-T) [hep-ph/0603175].                **
 **                                                                          **
 ** Also remember that the program, to a large extent, represents original   **
 ** physics research. Other publications of special relevance to your        **
 ** studies may therefore deserve separate mention.                          **
 **                                                                          **
 ** Main author: Torbjorn Sjostrand; Department of Theoretical Physics,      **
 **   Lund University, Solvegatan 14A, S-223 62 Lund, Sweden;                **
 **   phone: + 46 - 46 - 222 48 16; e-mail: torbjorn@thep.lu.se              **
 ** Author: Stephen Mrenna; Computing Division, GDS Group,                   **
 **   Fermi National Accelerator Laboratory, MS 234, Batavia, IL 60510, USA; **
 **   phone: + 1 - 630 - 840 - 2556; e-mail: mrenna@fnal.gov                 **
 ** Author: Peter Skands; CERN/PH-TH, CH-1211 Geneva, Switzerland            **
 **   phone: + 41 - 22 - 767 24 47; e-mail: peter.skands@cern.ch             **
 **                                                                          **
 **                                                                          **
 ******************************************************************************
 ******************************************************************************

     Advisory warning type 7 given after        0 PYEXEC calls:
     (PYUPDA:) Kinematically unallowed decay of KF =       18

     Advisory warning type 7 given after        0 PYEXEC calls:
     (PYUPDA:) Kinematically unallowed decay of KF =       18

     Advisory warning type 7 given after        0 PYEXEC calls:
     (PYUPDA:) Kinematically unallowed decay of KF =      113

     Advisory warning type 7 given after        0 PYEXEC calls:
     (PYUPDA:) Kinematically unallowed decay of KF =      113

     Advisory warning type 7 given after        0 PYEXEC calls:
     (PYUPDA:) Kinematically unallowed decay of KF =      113

     Advisory warning type 7 given after        0 PYEXEC calls:
     (PYUPDA:) Kinematically unallowed decay of KF =      113

     Advisory warning type 7 given after        0 PYEXEC calls:
     (PYUPDA:) Kinematically unallowed decay of KF =      115

     Advisory warning type 7 given after        0 PYEXEC calls:
     (PYUPDA:) Kinematically unallowed decay of KF =      215

     Advisory warning type 7 given after        0 PYEXEC calls:
     (PYUPDA:) Sum of branching ratios is  1.05920 for KF =      421

     Advisory warning type 7 given after        0 PYEXEC calls:
     (PYUPDA:) Sum of branching ratios is  1.09610 for KF =     4122
 Using MCHGENERATOR: gun0_100GeV
 This is gun0_100GeV Generator! 
 nPions =  20
 nMuons =  4
I-AliMagF::Print: Maps:Maps
I-AliMagF::Print: Solenoid (-1.00*)5 kG, Dipole ON (-1.00) 
I-AliMagF::Print: Machine B fields for p-p beam (7000 GeV): QGrad: 22.0002 Dipole: 37.8781
I-AliMagF::Print: Uses Sol30_Dip6_Hole of $(ALICE_ROOT)/data/maps/mfchebKGI_sym.root
I-TGeoGlobalMagField::SetField: Global magnetic field set to <Maps>
I-AliSimulation::RunSimulation: Generated events TimeStamps will be set to 0
 *** TDatabasePDG::AddParticle: particle with PDGcode=3124 already defined
 *** TDatabasePDG::AddAntiParticle: can't redefine parameters
########## AliMC::AddParticles
E-TGeant3TGeo::SetParticle: Particle already exists.
Particle -311 not in geant
Particle 311 not in geant
 <message repeated 1 time>
I-TGeoManager::TGeoManager: Geometry ALICE, ALICE geometry created
I-AliMC::ConstructGeometry:       BODY R:0.00s C:0.01s
I-AliMC::ConstructGeometry:        MAG R:0.00s C:0.00s
I-AliMC::ConstructGeometry:       ABSO R:0.00s C:0.00s
I-AliMC::ConstructGeometry:       DIPO R:0.00s C:0.00s
I-AliMC::ConstructGeometry:       HALL R:0.00s C:0.00s
I-AliMC::ConstructGeometry:      FRAME R:0.01s C:0.01s
I-AliMC::ConstructGeometry:       SHIL R:0.00s C:0.00s
I-AliMC::ConstructGeometry:       PIPE R:0.01s C:0.01s
## In AliMUONTriggerGeometryBuilder 0
## In AliMUONTriggerGeometryBuilder 1
## In AliMUONTriggerGeometryBuilder 2
## In AliMUONTriggerGeometryBuilder 3
I-AliMC::ConstructGeometry:       MUON R:0.17s C:0.18s
I-TGeoManager::SetTopVolume: Top volume is ALIC. Master volume is ALIC
I-TGeoNavigator::BuildCache: --- Maximum geometry depth set to 100
I-TGeoManager::CheckGeometry: Fixing runtime shapes...
I-TGeoManager::CloseGeometry: Counting nodes...
I-TGeoManager::Voxelize: Voxelizing...
I-TGeoManager::CloseGeometry: Building cache...
I-TGeoManager::CountLevels: max level = 8, max placements = 547
I-TGeoManager::CloseGeometry: 67121 nodes/ 2972 volume UID's in ALICE geometry
I-TGeoManager::CloseGeometry: ----------------modeler ready----------------
I-AliMC::SetAllAlignableVolumes: Setting entries for all alignable volumes of active detectors
I-AliPIPEv3::AddAlignableVolumes: Add PIPE alignable volume
I-TGeoManager::Export: Exporting ALICE ALICE geometry as root file. Optimizations streamed.
I-AliGeomManager::ApplyAlignObjsFromCDB: Alignment objects loaded for: GRP MUON 
I-AliMC::ConstructOpGeometry: Optical properties definition
I-AliMC::InitGeometry: Initialisation:
I-AliMC::InitGeometry:       BODY R:0.00s C:0.00s
I-AliMC::InitGeometry:        MAG R:0.00s C:0.00s
I-AliMC::InitGeometry:       ABSO R:0.00s C:0.00s
I-AliMC::InitGeometry:       DIPO R:0.00s C:0.00s
I-AliMC::InitGeometry:       HALL R:0.00s C:0.00s
I-AliMC::InitGeometry:      FRAME R:0.00s C:0.00s
I-AliMC::InitGeometry:       SHIL R:0.00s C:0.00s
I-AliMC::InitGeometry:       PIPE R:0.00s C:0.00s
I-AliMC::InitGeometry:       MUON R:0.04s C:0.01s
I-AliMC::MediaTable: Tracking media ranges:
   BODY:   1 ->   3;    MAG:   4 ->  13;   ABSO:  14 ->  56;   DIPO:  57 ->  84;   HALL:  85 ->  94;  FRAME:  95 ->  97;
   SHIL:  98 -> 137;   PIPE: 138 -> 168;   MUON: 169 -> 191;

 Calculating cross section tables, see gphysi.dat for more information

 Cross section calculation concluded successfully
I-AliMC::CacheVMCInstance: CacheVMCInstance
E-TStreamerInfo::Build: TMCManagerStack, discarding: int* fTotalNPrimaries, no [dimension]

E-TStreamerInfo::Build: TMCManagerStack, discarding: int* fTotalNTracks, no [dimension]

E-TStreamerInfo::Build: The class "TMCManagerStack" is compiled and for its data member "fParticlesStatus" we do not have a dictionary for the collection "vector<unique_ptr<TMCParticleStatus,default_delete<TMCParticleStatus> > >". Because of this, we will not be able to read or write this data member.
W-TStreamerInfo::Build: TMCManagerStack: stack<int,deque<int> > has no streamer or dictionary, data member "fPrimariesStack" will not be saved
W-TStreamerInfo::Build: TMCManagerStack: stack<int,deque<int> > has no streamer or dictionary, data member "fSecondariesStack" will not be saved
E-TStreamerInfo::Build: AliGenerator, unknown type: Bool_t(*)(AliStack*) fUserTrigger

I-AliSimulation::RunSimulation: Run number: 0
I-AliSimulation::WriteGRPEntry: Writing global run parameters entry into the OCDB
I-AliCDBLocal::PutEntry: CDB object stored into file /home/yano/GlobalMuonTracking/matching_dir/GRP/GRP/Data/Run0_0_v1_s0.root
I-AliSimulation::RunSimulation: running gAlice
I-AliSimulation::RunSimulation: Will run only for detectors seen in the GRP
I-AliGRPManager::ReadGRPEntry: Found an AliGRPObject in GRP/GRP/Data, reading it
 **** GTRIGI: IEVENT=      1 IDEVT=      1 Random Seeds =     123456           0
I-AliGenCocktail::Generate: Generator 1: AliGenBox; ntimes=1; Vertex (0.000000,0.000000,0.000000) cm   Time 0.000000 ns
I-AliGenCocktail::Generate: Generator 2: AliGenBox; ntimes=1; Vertex (0.000000,0.000000,0.000000) cm   Time 0.000000 ns
I-AliGenCocktail::Generate: Generator 3: AliGenBox; ntimes=1; Vertex (0.000000,0.000000,0.000000) cm   Time 0.000000 ns
I-AliGenCocktail::Generate: Generator 4: AliGenBox; ntimes=1; Vertex (0.000000,0.000000,0.000000) cm   Time 0.000000 ns
 GTREVE_ROOT : Transporting primary track No         20

 *** GTRACK *** More than  10000 steps, tracking abandoned!
 =====> TRACK    1 STACK NR   0 NTMULT=      4124     GAMMA                    TOFG =   466.899 NS
       X          Y          Z          R     NAME  NUMBER   SLENG      STEP      DESTEP     GEKIN   MECHANISMS
    559.7589  -304.0615   265.4261   637.0114 L3CD  122     7.1558    0.0007    0.0  eV    5.712 MeV NEXT SCOR STOP
 IEVENT       1 IDEVT       1 Random Seeds     123456           0 Time of flight    466.899 ns

 GTREVE_ROOT : Transporting primary track No         10
I-AliStack::FinishEvent: Ntrack=79 kept from 118210 transported

 **** GTRIGI: IEVENT=      2 IDEVT=      2 Random Seeds =     123456           0
I-AliGenCocktail::Generate: Generator 1: AliGenBox; ntimes=1; Vertex (0.000000,0.000000,0.000000) cm   Time 0.000000 ns
I-AliGenCocktail::Generate: Generator 2: AliGenBox; ntimes=1; Vertex (0.000000,0.000000,0.000000) cm   Time 0.000000 ns
I-AliGenCocktail::Generate: Generator 3: AliGenBox; ntimes=1; Vertex (0.000000,0.000000,0.000000) cm   Time 0.000000 ns
I-AliGenCocktail::Generate: Generator 4: AliGenBox; ntimes=1; Vertex (0.000000,0.000000,0.000000) cm   Time 0.000000 ns
 GTREVE_ROOT : Transporting primary track No         20
 GTREVE_ROOT : Transporting primary track No         10
I-AliStack::FinishEvent: Ntrack=125 kept from 136656 transported

 **** GTRIGI: IEVENT=      3 IDEVT=      3 Random Seeds =     123456           0
I-AliGenCocktail::Generate: Generator 1: AliGenBox; ntimes=1; Vertex (0.000000,0.000000,0.000000) cm   Time 0.000000 ns
I-AliGenCocktail::Generate: Generator 2: AliGenBox; ntimes=1; Vertex (0.000000,0.000000,0.000000) cm   Time 0.000000 ns
I-AliGenCocktail::Generate: Generator 3: AliGenBox; ntimes=1; Vertex (0.000000,0.000000,0.000000) cm   Time 0.000000 ns
I-AliGenCocktail::Generate: Generator 4: AliGenBox; ntimes=1; Vertex (0.000000,0.000000,0.000000) cm   Time 0.000000 ns
 GTREVE_ROOT : Transporting primary track No         20
 GTREVE_ROOT : Transporting primary track No         10
I-AliStack::FinishEvent: Ntrack=83 kept from 112877 transported

 **** GTRIGI: IEVENT=      4 IDEVT=      4 Random Seeds =     123456           0
I-AliGenCocktail::Generate: Generator 1: AliGenBox; ntimes=1; Vertex (0.000000,0.000000,0.000000) cm   Time 0.000000 ns
I-AliGenCocktail::Generate: Generator 2: AliGenBox; ntimes=1; Vertex (0.000000,0.000000,0.000000) cm   Time 0.000000 ns
I-AliGenCocktail::Generate: Generator 3: AliGenBox; ntimes=1; Vertex (0.000000,0.000000,0.000000) cm   Time 0.000000 ns
I-AliGenCocktail::Generate: Generator 4: AliGenBox; ntimes=1; Vertex (0.000000,0.000000,0.000000) cm   Time 0.000000 ns
 GTREVE_ROOT : Transporting primary track No         20

 *** GTRACK *** More than  10000 steps, tracking abandoned!
 =====> TRACK    1 STACK NR   0 NTMULT=      4623     NEUTRON                  TOFG =    69.282 NS
       X          Y          Z          R     NAME  NUMBER   SLENG      STEP      DESTEP     GEKIN   MECHANISMS
     18.5188   -58.1056  -281.5683    60.9853 AFaM    1    13.0793    0.0003    0.0  eV    3.626 MeV NEXT SCOR STOP
 IEVENT       4 IDEVT       4 Random Seeds     123456           0 Time of flight     69.282 ns

 GTREVE_ROOT : Transporting primary track No         10

 *** GTRACK *** More than  10000 steps, tracking abandoned!
 =====> TRACK    1 STACK NR   0 NTMULT=     75658     NEUTRON                  TOFG =    58.721 NS
       X          Y          Z          R     NAME  NUMBER   SLENG      STEP      DESTEP     GEKIN   MECHANISMS
     89.6283   -20.4630  -457.1080    91.9346 AFaM    1    65.4054    0.0005    0.0  eV    2.215 MeV NEXT SCOR STOP
 IEVENT       4 IDEVT       4 Random Seeds     123456           0 Time of flight     58.721 ns

I-AliStack::FinishEvent: Ntrack=66 kept from 103888 transported

 **** GTRIGI: IEVENT=      5 IDEVT=      5 Random Seeds =     123456           0
I-AliGenCocktail::Generate: Generator 1: AliGenBox; ntimes=1; Vertex (0.000000,0.000000,0.000000) cm   Time 0.000000 ns
I-AliGenCocktail::Generate: Generator 2: AliGenBox; ntimes=1; Vertex (0.000000,0.000000,0.000000) cm   Time 0.000000 ns
I-AliGenCocktail::Generate: Generator 3: AliGenBox; ntimes=1; Vertex (0.000000,0.000000,0.000000) cm   Time 0.000000 ns
I-AliGenCocktail::Generate: Generator 4: AliGenBox; ntimes=1; Vertex (0.000000,0.000000,0.000000) cm   Time 0.000000 ns
 GTREVE_ROOT : Transporting primary track No         20
 GTREVE_ROOT : Transporting primary track No         10
I-AliStack::FinishEvent: Ntrack=25 kept from 135158 transported

 ***********************************
 *        OpenDecayTable           *
 *        ---------------          *
 *   USE ALIROOT decaytable        *
 ***********************************
W-AliRunLoader::LoadgAlice: gAlice already exists. Putting retrived object in folder named Event
I-AliCDBManager::Print: Run number = 0; Cache is ACTIVE; Number of active storages: 2
	*** Default Storage URI: "local:///home/yano/alice/OCDB/OCDB"
	*** Specific storage 1: Path "GRP/GRP/Data" -> URI "local:///home/yano/GlobalMuonTracking/matching_dir"

 ***********************************
 *        OpenDecayTable           *
 *        ---------------          *
 *   USE ALIROOT decaytable        *
 ***********************************
W-AliRunLoader::LoadgAlice: gAlice already exists. Putting retrived object in folder named Event
I-AliSimulation::RunSDigitization: Will run only for detectors seen in the GRP
I-AliGRPManager::ReadGRPEntry: Found an AliGRPObject in GRP/GRP/Data, reading it
I-AliSimulation::RunSDigitization: creating summable digits for MUON
 ***********************************
 *        OpenDecayTable           *
 *        ---------------          *
 *   USE ALIROOT decaytable        *
 ***********************************
W-AliRunLoader::LoadgAlice: gAlice already exists. Putting retrived object in folder named Input0
I-AliSimulation::RunDigitization: Will run only for detectors seen in the GRP
I-AliGRPManager::ReadGRPEntry: Found an AliGRPObject in GRP/GRP/Data, reading it
I-AliMUONDigitizerV3::Init: Using trigger configuration from CDB
I-AliSimulation::RunDigitization: Created digitizer from SDigits -> Digits for MUON
W-AliRunLoader::LoadgAlice: AliRun is already in folder. Unload first.
 <message repeated 4 times>
I-AliMUONDigitizerV3::~AliMUONDigitizerV3: Summary of messages
No message
 ***********************************
 *        OpenDecayTable           *
 *        ---------------          *
 *   USE ALIROOT decaytable        *
 ***********************************
W-AliRunLoader::LoadgAlice: gAlice already exists. Putting retrived object in folder named Event
I-AliSimulation::RunTrigger: Will run only for detectors seen in the GRP
I-AliGRPManager::ReadGRPEntry: Found an AliGRPObject in GRP/GRP/Data, reading it
I-AliCentralTrigger::RunTrigger:  Triggering Detectors:  VZERO ITS T0 MUON TOF TRD 

I-AliCentralTrigger::RunTrigger:  Detectors with digits: ALL 

E-AliCentralTrigger::RunTrigger: the following detectors were not found: VZERO ITS T0 TOF TRD
 ***********************************
 *        OpenDecayTable           *
 *        ---------------          *
 *   USE ALIROOT decaytable        *
 ***********************************
 <message repeated 4 times>
W-AliRunLoader::LoadgAlice: gAlice already exists. Putting retrived object in folder named Event
I-AliSimulation::WriteRawFiles: processing event 0
I-AliSimulation::WriteRawFiles: Will run only for detectors seen in the GRP
I-AliGRPManager::ReadGRPEntry: Found an AliGRPObject in GRP/GRP/Data, reading it
I-AliSimulation::WriteRawFiles: creating raw data from digits for MUON
I-AliCTPRawData::RawDataRun2: Storing the CTP DDL raw data...
W-AliRunLoader::LoadTrigger: Trigger is already loaded. Nothing done. Message will not be repeated.
I-AliCTPRawData::RawDataRun2: Storing CTP raw data in TRG_4352.ddl
I-AliSimulation::WriteRawFiles: processing event 1
I-AliSimulation::WriteRawFiles: Will run only for detectors seen in the GRP
I-AliGRPManager::ReadGRPEntry: Found an AliGRPObject in GRP/GRP/Data, reading it
I-AliSimulation::WriteRawFiles: creating raw data from digits for MUON
I-AliCTPRawData::RawDataRun2: Storing the CTP DDL raw data...
I-AliCTPRawData::RawDataRun2: Storing CTP raw data in TRG_4352.ddl
I-AliSimulation::WriteRawFiles: processing event 2
I-AliSimulation::WriteRawFiles: Will run only for detectors seen in the GRP
I-AliGRPManager::ReadGRPEntry: Found an AliGRPObject in GRP/GRP/Data, reading it
I-AliSimulation::WriteRawFiles: creating raw data from digits for MUON
I-AliCTPRawData::RawDataRun2: Storing the CTP DDL raw data...
I-AliCTPRawData::RawDataRun2: Storing CTP raw data in TRG_4352.ddl
I-AliSimulation::WriteRawFiles: processing event 3
I-AliSimulation::WriteRawFiles: Will run only for detectors seen in the GRP
I-AliGRPManager::ReadGRPEntry: Found an AliGRPObject in GRP/GRP/Data, reading it
I-AliSimulation::WriteRawFiles: creating raw data from digits for MUON
I-AliCTPRawData::RawDataRun2: Storing the CTP DDL raw data...
I-AliCTPRawData::RawDataRun2: Storing CTP raw data in TRG_4352.ddl
I-AliSimulation::WriteRawFiles: processing event 4
I-AliSimulation::WriteRawFiles: Will run only for detectors seen in the GRP
I-AliGRPManager::ReadGRPEntry: Found an AliGRPObject in GRP/GRP/Data, reading it
I-AliSimulation::WriteRawFiles: creating raw data from digits for MUON
I-AliCTPRawData::RawDataRun2: Storing the CTP DDL raw data...
I-AliCTPRawData::RawDataRun2: Storing CTP raw data in TRG_4352.ddl
 ***********************************
 *        OpenDecayTable           *
 *        ---------------          *
 *   USE ALIROOT decaytable        *
 ***********************************
W-AliRunLoader::LoadgAlice: gAlice already exists. Putting retrived object in folder named Event
I-AliSimulation::ConvertRawFilesToDate: converting raw data DDL files to DATE file raw.root.date
 ***********************************
 *        OpenDecayTable           *
 *        ---------------          *
 *   USE ALIROOT decaytable        *
 ***********************************
2021-03-26 12:30:32: Info in <AliMDC::Run>: input = raw.root.date, rawdb size = 2000000000.000000, filter = off, looping = no, compression = 1, delete files = no
2021-03-26 12:30:32: Info in <AliMDC::Open>: Filling raw DB /tmp/mdc1/qx084_20210326_123032.root

2021-03-26 12:30:32: Info in <alimdc>: normal termination of run
Written raw DB at a rate of 0.0 MB/s
W-AliRunLoader::LoadgAlice: gAlice already exists. Putting retrived object in folder named Event
I-AliSimulation::ConvertDateToRoot: converting DATE file raw.root.date to root file raw.root
E-TUnixSystem::FindDynamicLibrary: libGlobalbase[.so | .dll | .dylib | .sl | .dl | .a] does not exist in /opt/alice/sw/slc7_x86-64/AliRoot/v5-09-56_ROOT6-16/lib:/opt/alice/sw/slc7_x86-64/JAliEn-ROOT/0.6.3-14/lib:/opt/alice/sw/slc7_x86-64/Vc/1.4.1-52/lib:/opt/alice/sw/slc7_x86-64/GEANT4_VMC/v5-0-p5-59/lib:/opt/alice/sw/slc7_x86-64/vgm/v4-7-75/lib:/opt/alice/sw/slc7_x86-64/GEANT4/v10.5.1-25/lib:/opt/alice/sw/slc7_x86-64/GEANT3/v3-5-58/lib64:/opt/alice/sw/slc7_x86-64/fastjet/v3.2.1_1.024-alice3-77/lib:/opt/alice/sw/slc7_x86-64/cgal/4.6.3-68/lib:/opt/alice/sw/slc7_x86-64/boost/v1.74.0-34/lib:/opt/alice/sw/slc7_x86-64/DPMJET/v3.0.5-alice5-14/lib:/opt/alice/sw/slc7_x86-64/ROOT/v6-20-08-alice1-17/lib:/opt/alice/sw/slc7_x86-64/Python-modules/1.0-203/share/python-modules/lib:/opt/alice/sw/slc7_x86-64/Python/v3.6.10-91/lib:/opt/alice/sw/slc7_x86-64/libffi/v3.2.1-24/lib64:/opt/alice/sw/slc7_x86-64/XRootD/v4.12.5-9/lib:/opt/alice/sw/slc7_x86-64/libxml2/v2.9.3-44/lib:/opt/alice/sw/slc7_x86-64/OpenSSL/v1.0.2o-38/lib:/opt/alice/sw/slc7_x86-64/GSL/v1.16-68/lib:/opt/alice/sw/slc7_x86-64/lzma/v5.2.3-36/lib:/opt/alice/sw/slc7_x86-64/sqlite/v3.15.0-25/lib:/opt/alice/sw/slc7_x86-64/libpng/v1.6.34-83/lib:/opt/alice/sw/slc7_x86-64/zlib/v1.2.8-72/lib:/opt/alice/sw/slc7_x86-64/FreeType/v2.10.1-35/lib:/opt/alice/sw/slc7_x86-64/AliEn-Runtime/v2-19-le-84/lib:/opt/alice/sw/slc7_x86-64/GCC-Toolchain/v7.3.0-alice2-16/lib64:/opt/alice/sw/slc7_x86-64/GCC-Toolchain/v7.3.0-alice2-16/lib:.:/opt/alice/sw/slc7_x86-64/AliRoot/v5-09-56_ROOT6-16/lib:/opt/alice/sw/slc7_x86-64/ROOT/v6-20-08-alice1-17/lib:/lib64/tls/x86_64:/lib64/tls:/lib64/x86_64:/lib64:/usr/lib64/tls/x86_64:/usr/lib64/tls:/usr/lib64/x86_64:/usr/lib64
E-TUnixSystem::FindDynamicLibrary: libCORRbase[.so | .dll | .dylib | .sl | .dl | .a] does not exist in /opt/alice/sw/slc7_x86-64/AliRoot/v5-09-56_ROOT6-16/lib:/opt/alice/sw/slc7_x86-64/JAliEn-ROOT/0.6.3-14/lib:/opt/alice/sw/slc7_x86-64/Vc/1.4.1-52/lib:/opt/alice/sw/slc7_x86-64/GEANT4_VMC/v5-0-p5-59/lib:/opt/alice/sw/slc7_x86-64/vgm/v4-7-75/lib:/opt/alice/sw/slc7_x86-64/GEANT4/v10.5.1-25/lib:/opt/alice/sw/slc7_x86-64/GEANT3/v3-5-58/lib64:/opt/alice/sw/slc7_x86-64/fastjet/v3.2.1_1.024-alice3-77/lib:/opt/alice/sw/slc7_x86-64/cgal/4.6.3-68/lib:/opt/alice/sw/slc7_x86-64/boost/v1.74.0-34/lib:/opt/alice/sw/slc7_x86-64/DPMJET/v3.0.5-alice5-14/lib:/opt/alice/sw/slc7_x86-64/ROOT/v6-20-08-alice1-17/lib:/opt/alice/sw/slc7_x86-64/Python-modules/1.0-203/share/python-modules/lib:/opt/alice/sw/slc7_x86-64/Python/v3.6.10-91/lib:/opt/alice/sw/slc7_x86-64/libffi/v3.2.1-24/lib64:/opt/alice/sw/slc7_x86-64/XRootD/v4.12.5-9/lib:/opt/alice/sw/slc7_x86-64/libxml2/v2.9.3-44/lib:/opt/alice/sw/slc7_x86-64/OpenSSL/v1.0.2o-38/lib:/opt/alice/sw/slc7_x86-64/GSL/v1.16-68/lib:/opt/alice/sw/slc7_x86-64/lzma/v5.2.3-36/lib:/opt/alice/sw/slc7_x86-64/sqlite/v3.15.0-25/lib:/opt/alice/sw/slc7_x86-64/libpng/v1.6.34-83/lib:/opt/alice/sw/slc7_x86-64/zlib/v1.2.8-72/lib:/opt/alice/sw/slc7_x86-64/FreeType/v2.10.1-35/lib:/opt/alice/sw/slc7_x86-64/AliEn-Runtime/v2-19-le-84/lib:/opt/alice/sw/slc7_x86-64/GCC-Toolchain/v7.3.0-alice2-16/lib64:/opt/alice/sw/slc7_x86-64/GCC-Toolchain/v7.3.0-alice2-16/lib:.:/opt/alice/sw/slc7_x86-64/AliRoot/v5-09-56_ROOT6-16/lib:/opt/alice/sw/slc7_x86-64/ROOT/v6-20-08-alice1-17/lib:/lib64/tls/x86_64:/lib64/tls:/lib64/x86_64:/lib64:/usr/lib64/tls/x86_64:/usr/lib64/tls:/usr/lib64/x86_64:/usr/lib64
 ***********************************
 *        OpenDecayTable           *
 *        ---------------          *
 *   USE ALIROOT decaytable        *
 ***********************************
W-AliRunLoader::LoadgAlice: gAlice already exists. Putting retrived object in folder named Event
E-TPluginHandler::SetupCallEnv: method AliMUONQADataMakerSim not found in class AliMUONQADataMakerSim
E-AliQAManager::InitQADataMaker: AliQADataMaker not found for MUON
E-AliQAManager::InitQADataMaker: AliQADataMaker not found for FIT
E-AliQAManager::InitQADataMaker: AliQADataMaker not found for MFT
E-AliQAManager::InitQADataMaker: AliQADataMaker not found for Global
E-AliQAManager::InitQADataMaker: AliQADataMaker not found for CORR
I-TCanvas::Print: ps file QAImageSim0.ps has been created
E-AliRunLoader::GetEvent: There is no event with number 5
I-TCanvas::Print: Current canvas added to ps file QAImageSim0.ps
I-AliITSQAChecker::InitQACheckerLimits: Setting of tolerance values

I-AliCDBPath::InitPath: Invalid AliCDBPath <HMPID/QA/>!
E-AliQAManager::Get: Run number neither specified in query nor set in AliCDBManager! Use AliCDBManager::SetRun.
I-TCanvas::Print: ps file QAImageSim0.ps has been closed
W-AliRunLoader::LoadHeader: Header is already loaded. Use ReloadHeader to force reload. Nothing done
E-AliQAManager::InitQADataMaker: AliQADataMaker not found for MUON
E-AliQAManager::InitQADataMaker: AliQADataMaker not found for FIT
E-AliQAManager::InitQADataMaker: AliQADataMaker not found for MFT
E-AliQAManager::InitQADataMaker: AliQADataMaker not found for Global
E-AliQAManager::InitQADataMaker: AliQADataMaker not found for CORR
I-TCanvas::Print: ps file QAImageSim0.ps has been created
E-AliRunLoader::GetEvent: There is no event with number 5
I-TCanvas::Print: Current canvas added to ps file QAImageSim0.ps
I-TCanvas::Print: ps file QAImageSim0.ps has been closed
E-AliRunLoader::GetEvent: There is no event with number 5
I-TCanvas::Print: ps file QAImageSim0.ps has been created
I-TCanvas::Print: ps file QAImageSim0.ps has been closed
 ***********************************
 *        OpenDecayTable           *
 *        ---------------          *
 *   USE ALIROOT decaytable        *
 ***********************************
W-AliRunLoader::LoadgAlice: gAlice already exists. Putting retrived object in folder named Event
I-AliSimulation::StoreUsedCDBMapsAndEmbPaths: Stored used OCDB entries as TMap cdbMap and TList cdbList in /home/yano/GlobalMuonTracking/matching_dir/galice.root
Real time 0:00:51, CP time 33.890
AliMUONCalibrationData
   AliMUONCalibrationData  R:0.0001s C:0.0000s (10 slices)
   CreateObject 
        000000000 : MUON/Calib/GlobalTriggerCrateConfig R:0.0027s C:0.0000s (1 slices)
        000000000 : MUON/Calib/LocalTriggerBoardMasks R:0.0027s C:0.0000s (1 slices)
        000000000 : MUON/Calib/Pedestals R:0.0515s C:0.0400s (1 slices)
        000000000 : MUON/Calib/RegionalTriggerConfig R:0.0034s C:0.0100s (1 slices)
        000000000 : MUON/Calib/TriggerEfficiency R:0.0040s C:0.0000s (1 slices)
        000000000 : MUON/Calib/TriggerLut R:0.0416s C:0.0400s (1 slices)
AliMUONDigitMaker
   TriggerDigits  R:0.3771s C:0.3500s (710 slices)
AliMUONDigitizerV3
   Digitize  R:0.2745s C:0.0500s (5 slices)
   GenerateNoisyDigits  R:0.0024s C:0.0000s (5 slices)
AliMUONRawWriter
   Digits2BusPatchMap  R:0.0027s C:0.0100s (5 slices)
   Digits2Raw 
         R:3.0422s C:0.0300s (5 slices)
        for Tracker R:2.7539s C:0.0100s (5 slices)
        for Trigger R:0.2882s C:0.0200s (5 slices)
   WriteTrackerDDL  R:2.7504s C:0.0000s (100 slices)
   WriteTriggerDDL  R:0.0050s C:0.0200s (5 slices)
AliMUONTriggerElectronics
   Digits2Trigger  R:0.1724s C:0.2100s (240 slices)
   Feed  R:0.1250s C:0.1300s (240 slices)
   GlobalResponse  R:0.0090s C:0.0400s (240 slices)
   LocalResponse  R:0.0128s C:0.0300s (240 slices)
   RegionalResponse  R:0.0071s C:0.0000s (240 slices)
AliMpDCSNamer
   ManuId2PCBIndex  R:0.0302s C:0.0200s (9676 slices)
   ManuId2Sector  R:0.0200s C:0.0200s (7152 slices)
AliMpDetElement
   AddManu 
         R:0.5115s C:0.5200s (16828 slices)
        slat R:0.2427s C:0.2300s (9676 slices)
        st12 R:0.1862s C:0.2100s (7152 slices)
AliMpFastSegmentation
   AliMpFastSegmentation 
        AliMpSectorSegmentation R:0.0215s C:0.0200s (4 slices)
        AliMpSlatSegmentation R:0.0275s C:0.0200s (38 slices)
AliSimulation
   ConvertRawFilesToDate  R:0.7312s C:0.1100s (1 slices)
   Run  R:51.2999s C:33.8900s (1 slices)
   RunDigitization  R:2.3269s C:1.9800s (1 slices)
   RunSDigitization 
         R:0.3392s C:0.1100s (1 slices)
        creating summable digits for MUON R:0.2751s C:0.0700s (1 slices)
   RunSimulation  R:22.8997s C:19.0500s (1 slices)
   RunTrigger  R:0.2781s C:0.0700s (1 slices)
   WriteRawData  R:11.2128s C:0.2700s (1 slices)
   WriteRawFiles  R:3.2881s C:0.0800s (1 slices)
